#
# A fatal error has been detected by the Java Runtime Environment:
#
#  EXCEPTION_ACCESS_VIOLATION (0xc0000005) at pc=0x000001fa18551ab0, pid=12332, tid=12016
#
# JRE version: Java(TM) SE Runtime Environment (18.0.1.1+2) (build 18.0.1.1+2-6)
# Java VM: Java HotSpot(TM) 64-Bit Server VM (18.0.1.1+2-6, mixed mode, sharing, tiered, compressed oops, compressed class ptrs, g1 gc, windows-amd64)
# Problematic frame:
# v  ~StubRoutines::jlong_disjoint_arraycopy
#
# No core dump will be written. Minidumps are not enabled by default on client versions of Windows
#
# If you would like to submit a bug report, please visit:
#   https://bugreport.java.com/bugreport/crash.jsp
#

---------------  S U M M A R Y ------------

Command Line: -Xmx14500m -javaagent:D:\IntelliJ IDEA Community Edition 2022.3.2\lib\idea_rt.jar=6023:D:\IntelliJ IDEA Community Edition 2022.3.2\bin -Dfile.encoding=UTF-8 -Dsun.stdout.encoding=UTF-8 -Dsun.stderr.encoding=UTF-8 org.example.Main

Host: AMD Ryzen 7 5800H with Radeon Graphics         , 16 cores, 15G,  Windows 11 , 64 bit Build 22621 (10.0.22621.2506)
Time: Mon Dec  4 23:03:06 2023  Windows 11 , 64 bit Build 22621 (10.0.22621.2506) elapsed time: 12.498467 seconds (0d 0h 0m 12s)

---------------  T H R E A D  ---------------

Current thread (0x000001fa51313700):  JavaThread "Thread-2" [_thread_in_vm, id=12016, stack(0x000000debb600000,0x000000debb700000)]

Stack: [0x000000debb600000,0x000000debb700000],  sp=0x000000debb6fecb0,  free space=1019k
Native frames: (J=compiled Java code, j=interpreted, Vv=VM code, C=native code)
C  0x000001fa18551ab0

Java frames: (J=compiled Java code, j=interpreted, Vv=VM code)
j  jdk.internal.misc.Unsafe.copyMemory0(Ljava/lang/Object;JLjava/lang/Object;JJ)V+0 java.base@18.0.1.1
j  jdk.internal.misc.Unsafe.copyMemory(Ljava/lang/Object;JLjava/lang/Object;JJ)V+29 java.base@18.0.1.1
j  jdk.internal.misc.ScopedMemoryAccess.copyMemoryInternal(Ljdk/internal/misc/ScopedMemoryAccess$Scope;Ljdk/internal/misc/ScopedMemoryAccess$Scope;Ljava/lang/Object;JLjava/lang/Object;JJ)V+32 java.base@18.0.1.1
j  jdk.internal.misc.ScopedMemoryAccess.copyMemory(Ljdk/internal/misc/ScopedMemoryAccess$Scope;Ljdk/internal/misc/ScopedMemoryAccess$Scope;Ljava/lang/Object;JLjava/lang/Object;JJ)V+12 java.base@18.0.1.1
j  java.nio.ShortBuffer.getArray(I[SII)Ljava/nio/ShortBuffer;+97 java.base@18.0.1.1
j  java.nio.ShortBuffer.get([SII)Ljava/nio/ShortBuffer;+39 java.base@18.0.1.1
j  java.nio.ShortBuffer.get([S)Ljava/nio/ShortBuffer;+5 java.base@18.0.1.1
j  org.example.VideoPlayerUI.lambda$playVideoFromFrame$3(I)V+156
j  org.example.VideoPlayerUI$$Lambda$172+0x0000000800cbfda8.run()V+8
j  java.lang.Thread.run()V+11 java.base@18.0.1.1
v  ~StubRoutines::call_stub

siginfo: EXCEPTION_ACCESS_VIOLATION (0xc0000005), reading address 0x000001fa5d478700


Register to memory mapping:

RIP=0x000001fa18551ab0 is at begin+272 in a stub
StubRoutines::jlong_disjoint_arraycopy [0x000001fa185519a0, 0x000001fa18551b67] (455 bytes)
RAX=0x000001fa5d479700 is an unknown value
RBX=0x000001fa51313700 is a thread
RCX=
[error occurred during error reporting (printing register info), id 0xc0000005, EXCEPTION_ACCESS_VIOLATION (0xc0000005) at pc=0x00007ffc02a3fdea]

Registers:
RAX=0x000001fa5d479700, RBX=0x000001fa51313700, RCX=0x00000004b763f000, RDX=0xfffffffffffffe08
RSP=0x000000debb6fecb0, RBP=0x000000debb6fecb0, RSI=0x00000004b763e008, RDI=0x000001fa5d4796f8
R8 =0x0000000000000200, R9 =0x000001fa51313700, R10=0x000001fa1852d5f2, R11=0x0000000000000102
R12=0x0000000000000000, R13=0x0000000800b086f8, R14=0x0000000000000000, R15=0x000001fa51313700
RIP=0x000001fa18551ab0, EFLAGS=0x0000000000010282

Top of Stack: (sp=0x000000debb6fecb0)
0x000000debb6fecb0:   000001fa5d478700 00007ffc02f16554
0x000000debb6fecc0:   0000000000000000 0000000000000000
0x000000debb6fecd0:   0000000000000000 00000004b80948f8
0x000000debb6fece0:   000000debb6fee00 000001fa1852d621
0x000000debb6fecf0:   0000000800419278 000000debb6feda0
0x000000debb6fed00:   00000000000001a0 000000000000003c
0x000000debb6fed10:   000000debb6fede0 0000000000000010
0x000000debb6fed20:   0000000000001000 0000000800414f20
0x000000debb6fed30:   000000debb6fedb0 000001fa185294fe
0x000000debb6fed40:   000001fa185294fe 0000000000000010
0x000000debb6fed50:   0000000000000000 000000debb6fed58
0x000000debb6fed60:   0000000000000000 000000debb6fee00
0x000000debb6fed70:   0000000800419698 0000000000000000
0x000000debb6fed80:   0000000475814950 0000000800419278
0x000000debb6fed90:   0000000000000000 000000debb6fedc0
0x000000debb6feda0:   000000debb6fee50 000001fa185294fe 

Instructions: (pc=0x000001fa18551ab0)
0x000001fa185519b0:   41 52 41 53 48 83 ec 20 f7 c4 0f 00 00 00 0f 84
0x000001fa185519c0:   1a 00 00 00 48 83 ec 08 49 ba 30 fe 75 02 fc 7f
0x000001fa185519d0:   00 00 41 ff d2 48 83 c4 08 e9 0d 00 00 00 49 ba
0x000001fa185519e0:   30 fe 75 02 fc 7f 00 00 41 ff d2 48 83 c4 20 41
0x000001fa185519f0:   5b 41 5a 41 59 41 58 59 5a 5e 5f 4c 8b f8 58 49
0x000001fa18551a00:   89 bf 98 04 00 00 49 89 b7 90 04 00 00 48 8b f9
0x000001fa18551a10:   48 8b f2 49 8b d0 48 8d 7c d7 f8 48 8d 4c d6 f8
0x000001fa18551a20:   48 f7 da e9 a0 00 00 00 48 8b 44 d7 08 48 89 44
0x000001fa18551a30:   d1 08 48 ff c2 75 f1 50 57 56 52 51 41 50 41 51
0x000001fa18551a40:   41 52 41 53 48 83 ec 20 f7 c4 0f 00 00 00 0f 84
0x000001fa18551a50:   1a 00 00 00 48 83 ec 08 49 ba 30 fe 75 02 fc 7f
0x000001fa18551a60:   00 00 41 ff d2 48 83 c4 08 e9 0d 00 00 00 49 ba
0x000001fa18551a70:   30 fe 75 02 fc 7f 00 00 41 ff d2 48 83 c4 20 41
0x000001fa18551a80:   5b 41 5a 41 59 41 58 59 5a 5e 5f 4c 8b f8 58 49
0x000001fa18551a90:   8b b7 90 04 00 00 49 8b bf 98 04 00 00 4d 8b f9
0x000001fa18551aa0:   48 33 c0 c5 f8 77 c9 c3 0f 1f 84 00 00 00 00 00
0x000001fa18551ab0:   c5 fe 6f 44 d7 c8 c5 fe 7f 44 d1 c8 c5 fe 6f 4c
0x000001fa18551ac0:   d7 e8 c5 fe 7f 4c d1 e8 48 83 c2 08 7e e2 48 83
0x000001fa18551ad0:   ea 04 7f 10 c5 fe 6f 44 d7 e8 c5 fe 7f 44 d1 e8
0x000001fa18551ae0:   48 83 c2 04 c5 fd ef c0 c5 f5 ef c9 48 83 ea 04
0x000001fa18551af0:   0f 8c 32 ff ff ff 50 57 56 52 51 41 50 41 51 41
0x000001fa18551b00:   52 41 53 48 83 ec 20 f7 c4 0f 00 00 00 0f 84 1a
0x000001fa18551b10:   00 00 00 48 83 ec 08 49 ba 30 fe 75 02 fc 7f 00
0x000001fa18551b20:   00 41 ff d2 48 83 c4 08 e9 0d 00 00 00 49 ba 30
0x000001fa18551b30:   fe 75 02 fc 7f 00 00 41 ff d2 48 83 c4 20 41 5b
0x000001fa18551b40:   41 5a 41 59 41 58 59 5a 5e 5f 4c 8b f8 58 49 8b
0x000001fa18551b50:   b7 90 04 00 00 49 8b bf 98 04 00 00 4d 8b f9 c5
0x000001fa18551b60:   f8 77 48 33 c0 c9 c3 66 66 66 0f 1f 84 00 00 00
0x000001fa18551b70:   00 00 0f 1f 80 00 00 00 00 0f 1f 80 00 00 00 00
0x000001fa18551b80:   55 48 8b ec 48 3b d1 4a 8d 04 c1 0f 86 13 fe ff
0x000001fa18551b90:   ff 48 3b d0 0f 83 0a fe ff ff 4d 8b cf 50 57 56
0x000001fa18551ba0:   52 51 41 50 41 51 41 52 41 53 48 83 ec 20 f7 c4 


Stack slot to memory mapping:
stack at sp + 0 slots: 0x000001fa5d478700 points into unknown readable memory: 0x0000000000000000 | 00 00 00 00 00 00 00 00
stack at sp + 1 slots: 0x00007ffc02f16554 jvm.dll
stack at sp + 2 slots: 0x0 is NULL
stack at sp + 3 slots: 0x0 is NULL
stack at sp + 4 slots: 0x0 is NULL
stack at sp + 5 slots: 
[error occurred during error reporting (inspecting top of stack), id 0xc0000005, EXCEPTION_ACCESS_VIOLATION (0xc0000005) at pc=0x00007ffc02a3fdea]

StubRoutines::jlong_disjoint_arraycopy [0x000001fa185519a0, 0x000001fa18551b67] (455 bytes)
[MachCode]
  0x000001fa185519a0: 5548 8bec | 4d8b cf50 | 5756 5251 | 4150 4151 | 4152 4153 | 4883 ec20 | f7c4 0f00 | 0000 0f84 
  0x000001fa185519c0: 1a00 0000 | 4883 ec08 | 49ba 30fe | 7502 fc7f | 0000 41ff | d248 83c4 | 08e9 0d00 | 0000 49ba 
  0x000001fa185519e0: 30fe 7502 | fc7f 0000 | 41ff d248 | 83c4 2041 | 5b41 5a41 | 5941 5859 | 5a5e 5f4c | 8bf8 5849 
  0x000001fa18551a00: 89bf 9804 | 0000 4989 | b790 0400 | 0048 8bf9 | 488b f249 | 8bd0 488d | 7cd7 f848 | 8d4c d6f8 
  0x000001fa18551a20: 48f7 dae9 | a000 0000 | 488b 44d7 | 0848 8944 | d108 48ff | c275 f150 | 5756 5251 | 4150 4151 
  0x000001fa18551a40: 4152 4153 | 4883 ec20 | f7c4 0f00 | 0000 0f84 | 1a00 0000 | 4883 ec08 | 49ba 30fe | 7502 fc7f 
  0x000001fa18551a60: 0000 41ff | d248 83c4 | 08e9 0d00 | 0000 49ba | 30fe 7502 | fc7f 0000 | 41ff d248 | 83c4 2041 
  0x000001fa18551a80: 5b41 5a41 | 5941 5859 | 5a5e 5f4c | 8bf8 5849 | 8bb7 9004 | 0000 498b | bf98 0400 | 004d 8bf9 
  0x000001fa18551aa0: 4833 c0c5 | f877 c9c3 | 0f1f 8400 | 0000 0000 | c5fe 6f44 | d7c8 c5fe | 7f44 d1c8 | c5fe 6f4c 
  0x000001fa18551ac0: d7e8 c5fe | 7f4c d1e8 | 4883 c208 | 7ee2 4883 | ea04 7f10 | c5fe 6f44 | d7e8 c5fe | 7f44 d1e8 
  0x000001fa18551ae0: 4883 c204 | c5fd efc0 | c5f5 efc9 | 4883 ea04 | 0f8c 32ff | ffff 5057 | 5652 5141 | 5041 5141 
  0x000001fa18551b00: 5241 5348 | 83ec 20f7 | c40f 0000 | 000f 841a | 0000 0048 | 83ec 0849 | ba30 fe75 | 02fc 7f00 
  0x000001fa18551b20: 0041 ffd2 | 4883 c408 | e90d 0000 | 0049 ba30 | fe75 02fc | 7f00 0041 | ffd2 4883 | c420 415b 
  0x000001fa18551b40: 415a 4159 | 4158 595a | 5e5f 4c8b | f858 498b | b790 0400 | 0049 8bbf | 9804 0000 | 4d8b f9c5 
  0x000001fa18551b60: f877 4833 | 
[/MachCode]

---------------  P R O C E S S  ---------------

Threads class SMR info:
_java_thread_list=0x000001fa5a467a00, length=24, elements={
0x000001fa499c1730, 0x000001fa499c22a0, 0x000001fa499dc0d0, 0x000001fa499dc980,
0x000001fa499e1240, 0x000001fa499e1af0, 0x000001fa499e5bd0, 0x000001fa499f04e0,
0x000001fa499f0dd0, 0x000001fa499aa010, 0x000001fa50b51a70, 0x000001fa50b51f30,
0x000001fa50d2c670, 0x000001fa50d31d10, 0x000001fa508e2b70, 0x000001fa514ee420,
0x000001fa51480ca0, 0x000001fa10bebca0, 0x000001fa51316250, 0x000001fa51314a40,
0x000001fa513158b0, 0x000001fa51313700, 0x000001fa51313bd0, 0x000001fa513140a0
}

Java Threads: ( => current thread )
  0x000001fa499c1730 JavaThread "Reference Handler" daemon [_thread_blocked, id=21428, stack(0x000000deb8100000,0x000000deb8200000)]
  0x000001fa499c22a0 JavaThread "Finalizer" daemon [_thread_blocked, id=14792, stack(0x000000deb8200000,0x000000deb8300000)]
  0x000001fa499dc0d0 JavaThread "Signal Dispatcher" daemon [_thread_blocked, id=23468, stack(0x000000deb8300000,0x000000deb8400000)]
  0x000001fa499dc980 JavaThread "Attach Listener" daemon [_thread_blocked, id=27492, stack(0x000000deb8400000,0x000000deb8500000)]
  0x000001fa499e1240 JavaThread "Service Thread" daemon [_thread_blocked, id=19512, stack(0x000000deb8500000,0x000000deb8600000)]
  0x000001fa499e1af0 JavaThread "Monitor Deflation Thread" daemon [_thread_blocked, id=6988, stack(0x000000deb8600000,0x000000deb8700000)]
  0x000001fa499e5bd0 JavaThread "C2 CompilerThread0" daemon [_thread_blocked, id=21832, stack(0x000000deb8700000,0x000000deb8800000)]
  0x000001fa499f04e0 JavaThread "C1 CompilerThread0" daemon [_thread_blocked, id=10596, stack(0x000000deb8800000,0x000000deb8900000)]
  0x000001fa499f0dd0 JavaThread "Sweeper thread" daemon [_thread_blocked, id=20772, stack(0x000000deb8900000,0x000000deb8a00000)]
  0x000001fa499aa010 JavaThread "Common-Cleaner" daemon [_thread_blocked, id=12812, stack(0x000000deb8a00000,0x000000deb8b00000)]
  0x000001fa50b51a70 JavaThread "Monitor Ctrl-Break" daemon [_thread_in_native, id=21928, stack(0x000000deb8d00000,0x000000deb8e00000)]
  0x000001fa50b51f30 JavaThread "Notification Thread" daemon [_thread_blocked, id=23612, stack(0x000000deb8e00000,0x000000deb8f00000)]
  0x000001fa50d2c670 JavaThread "Java2D Disposer" daemon [_thread_blocked, id=24500, stack(0x000000deb9000000,0x000000deb9100000)]
  0x000001fa50d31d10 JavaThread "AWT-Windows" daemon [_thread_in_native, id=26932, stack(0x000000deb9200000,0x000000deb9300000)]
  0x000001fa508e2b70 JavaThread "C1 CompilerThread1" daemon [_thread_blocked, id=13176, stack(0x000000deb8b00000,0x000000deb8c00000)]
  0x000001fa514ee420 JavaThread "AWT-Shutdown" [_thread_blocked, id=25428, stack(0x000000deba000000,0x000000deba100000)]
  0x000001fa51480ca0 JavaThread "AWT-EventQueue-0" [_thread_blocked, id=26788, stack(0x000000deba100000,0x000000deba200000)]
  0x000001fa10bebca0 JavaThread "DestroyJavaVM" [_thread_blocked, id=27420, stack(0x000000deb7a00000,0x000000deb7b00000)]
  0x000001fa51316250 JavaThread "JavaCPP Deallocator" daemon [_thread_blocked, id=27036, stack(0x000000deba700000,0x000000deba800000)]
  0x000001fa51314a40 JavaThread "Java Sound Event Dispatcher" daemon [_thread_blocked, id=27608, stack(0x000000deba600000,0x000000deba700000)]
  0x000001fa513158b0 JavaThread "D3D Screen Updater" daemon [_thread_blocked, id=7572, stack(0x000000deb9f00000,0x000000deba000000)]
=>0x000001fa51313700 JavaThread "Thread-2" [_thread_in_vm, id=12016, stack(0x000000debb600000,0x000000debb700000)]
  0x000001fa51313bd0 JavaThread "Thread-3" [_thread_blocked, id=20272, stack(0x000000debbf00000,0x000000debc000000)]
  0x000001fa513140a0 JavaThread "Thread-4" [_thread_blocked, id=23992, stack(0x000000debc000000,0x000000debc100000)]

Other Threads:
  0x000001fa498445a0 VMThread "VM Thread" [stack: 0x000000deb8000000,0x000000deb8100000] [id=20840]
  0x000001fa50b4d9a0 WatcherThread "VM Periodic Task Thread" [stack: 0x000000deb8f00000,0x000000deb9000000] [id=21656]
  0x000001fa498399d0 WorkerThread "GC Thread#0" [stack: 0x000000deb7b00000,0x000000deb7c00000] [id=20876]
  0x000001fa51001500 WorkerThread "GC Thread#1" [stack: 0x000000deb9700000,0x000000deb9800000] [id=24372]
  0x000001fa50d99ec0 WorkerThread "GC Thread#2" [stack: 0x000000deb9800000,0x000000deb9900000] [id=20488]
  0x000001fa50d9a160 WorkerThread "GC Thread#3" [stack: 0x000000deb9900000,0x000000deb9a00000] [id=23312]
  0x000001fa50f10420 WorkerThread "GC Thread#4" [stack: 0x000000deb9a00000,0x000000deb9b00000] [id=23752]
  0x000001fa50f106c0 WorkerThread "GC Thread#5" [stack: 0x000000deb9b00000,0x000000deb9c00000] [id=4292]
  0x000001fa510da550 WorkerThread "GC Thread#6" [stack: 0x000000deb9400000,0x000000deb9500000] [id=22324]
  0x000001fa5107b5b0 WorkerThread "GC Thread#7" [stack: 0x000000deb9500000,0x000000deb9600000] [id=26024]
  0x000001fa51104360 WorkerThread "GC Thread#8" [stack: 0x000000deb8c00000,0x000000deb8d00000] [id=21392]
  0x000001fa51134a10 WorkerThread "GC Thread#9" [stack: 0x000000deb9300000,0x000000deb9400000] [id=21148]
  0x000001fa5119ba90 WorkerThread "GC Thread#10" [stack: 0x000000deb9600000,0x000000deb9700000] [id=9748]
  0x000001fa5119c140 WorkerThread "GC Thread#11" [stack: 0x000000deb9c00000,0x000000deb9d00000] [id=23836]
  0x000001fa510abb30 WorkerThread "GC Thread#12" [stack: 0x000000deb9d00000,0x000000deb9e00000] [id=25408]
  0x000001fa10c9fb30 ConcurrentGCThread "G1 Main Marker" [stack: 0x000000deb7c00000,0x000000deb7d00000] [id=25844]
  0x000001fa10ca0cc0 WorkerThread "G1 Conc#0" [stack: 0x000000deb7d00000,0x000000deb7e00000] [id=23200]
  0x000001fa498720d0 ConcurrentGCThread "G1 Refine#0" [stack: 0x000000deb7e00000,0x000000deb7f00000] [id=21008]
  0x000001fa5141c020 ConcurrentGCThread "G1 Refine#1" [stack: 0x000000deb9100000,0x000000deb9200000] [id=9716]
  0x000001fa498729e0 ConcurrentGCThread "G1 Service" [stack: 0x000000deb7f00000,0x000000deb8000000] [id=27132]

Threads with active compile tasks:

VM state: not at safepoint (normal execution)

VM Mutex/Monitor currently owned by a thread: None

Heap address: 0x0000000475800000, size: 14504 MB, Compressed Oops mode: Zero based, Oop shift amount: 3

CDS archive(s) mapped at: [0x0000000800000000-0x0000000800ba0000-0x0000000800ba0000), size 12189696, SharedBaseAddress: 0x0000000800000000, ArchiveRelocationMode: 0.
Compressed class space mapped at: 0x0000000800c00000-0x0000000840c00000, reserved size: 1073741824
Narrow klass base: 0x0000000800000000, Narrow klass shift: 0, Narrow klass range: 0x100000000

GC Precious Log:
 CardTable entry size: 512
 Card Set container configuration: InlinePtr #cards 4 size 8 Array Of Cards #cards 64 size 144 Howl #buckets 8 coarsen threshold 14745 Howl Bitmap #cards 2048 size 272 coarsen threshold 1843 Card regions per heap region 1 cards per card region 16384
 CPUs: 16 total, 16 available
 Memory: 16236M
 Large Page Support: Disabled
 NUMA Support: Disabled
 Compressed Oops: Enabled (Zero based)
 Heap Region Size: 8M
 Heap Min Capacity: 8M
 Heap Initial Capacity: 256M
 Heap Max Capacity: 14504M
 Pre-touch: Disabled
 Parallel Workers: 13
 Concurrent Workers: 3
 Concurrent Refinement Workers: 13
 Periodic GC: Disabled

Heap:
 garbage-first heap   total 2203648K, used 1631333K [0x0000000475800000, 0x0000000800000000)
  region size 8192K, 150 young (1228800K), 12 survivors (98304K)
 Metaspace       used 12254K, committed 12480K, reserved 1114112K
  class space    used 1205K, committed 1344K, reserved 1048576K

Heap Regions: E=young(eden), S=young(survivor), O=old, HS=humongous(starts), HC=humongous(continues), CS=collection set, F=free, OA=open archive, CA=closed archive, TAMS=top-at-mark-start (previous, next)
|   0|0x0000000475800000, 0x0000000476000000, 0x0000000476000000|100%| O|  |TAMS 0x0000000475800000, 0x0000000475800000| Untracked 
|   1|0x0000000476000000, 0x0000000476800000, 0x0000000476800000|100%| O|  |TAMS 0x0000000476000000, 0x0000000476000000| Untracked 
|   2|0x0000000476800000, 0x0000000477000000, 0x0000000477000000|100%| O|  |TAMS 0x0000000476800000, 0x0000000476800000| Untracked 
|   3|0x0000000477000000, 0x0000000477800000, 0x0000000477800000|100%| O|  |TAMS 0x0000000477000000, 0x0000000477000000| Untracked 
|   4|0x0000000477800000, 0x0000000478000000, 0x0000000478000000|100%| O|  |TAMS 0x0000000477800000, 0x0000000477800000| Untracked 
|   5|0x0000000478000000, 0x0000000478800000, 0x0000000478800000|100%| O|  |TAMS 0x0000000478000000, 0x0000000478000000| Untracked 
|   6|0x0000000478800000, 0x0000000479000000, 0x0000000479000000|100%| O|  |TAMS 0x0000000478800000, 0x0000000478800000| Untracked 
|   7|0x0000000479000000, 0x0000000479800000, 0x0000000479800000|100%| O|  |TAMS 0x0000000479000000, 0x0000000479000000| Untracked 
|   8|0x0000000479800000, 0x000000047a000000, 0x000000047a000000|100%| O|  |TAMS 0x0000000479800000, 0x0000000479800000| Untracked 
|   9|0x000000047a000000, 0x000000047a800000, 0x000000047a800000|100%| O|  |TAMS 0x000000047a000000, 0x000000047a000000| Untracked 
|  10|0x000000047a800000, 0x000000047b000000, 0x000000047b000000|100%| O|  |TAMS 0x000000047a800000, 0x000000047a800000| Untracked 
|  11|0x000000047b000000, 0x000000047b800000, 0x000000047b800000|100%| O|  |TAMS 0x000000047b000000, 0x000000047b000000| Untracked 
|  12|0x000000047b800000, 0x000000047c000000, 0x000000047c000000|100%| O|  |TAMS 0x000000047b800000, 0x000000047b800000| Untracked 
|  13|0x000000047c000000, 0x000000047c800000, 0x000000047c800000|100%| O|  |TAMS 0x000000047c000000, 0x000000047c000000| Untracked 
|  14|0x000000047c800000, 0x000000047d000000, 0x000000047d000000|100%| O|  |TAMS 0x000000047c800000, 0x000000047c800000| Untracked 
|  15|0x000000047d000000, 0x000000047d800000, 0x000000047d800000|100%| O|  |TAMS 0x000000047d000000, 0x000000047d000000| Untracked 
|  16|0x000000047d800000, 0x000000047e000000, 0x000000047e000000|100%| O|  |TAMS 0x000000047d800000, 0x000000047d800000| Untracked 
|  17|0x000000047e000000, 0x000000047e800000, 0x000000047e800000|100%| O|  |TAMS 0x000000047e000000, 0x000000047e000000| Untracked 
|  18|0x000000047e800000, 0x000000047f000000, 0x000000047f000000|100%| O|  |TAMS 0x000000047e800000, 0x000000047e800000| Untracked 
|  19|0x000000047f000000, 0x000000047f800000, 0x000000047f800000|100%| O|  |TAMS 0x000000047f000000, 0x000000047f000000| Untracked 
|  20|0x000000047f800000, 0x0000000480000000, 0x0000000480000000|100%| O|  |TAMS 0x000000047f800000, 0x000000047f800000| Untracked 
|  21|0x0000000480000000, 0x0000000480800000, 0x0000000480800000|100%| O|  |TAMS 0x0000000480000000, 0x0000000480000000| Untracked 
|  22|0x0000000480800000, 0x0000000481000000, 0x0000000481000000|100%| O|  |TAMS 0x0000000480800000, 0x0000000480800000| Untracked 
|  23|0x0000000481000000, 0x0000000481800000, 0x0000000481800000|100%| O|  |TAMS 0x0000000481000000, 0x0000000481000000| Untracked 
|  24|0x0000000481800000, 0x0000000482000000, 0x0000000482000000|100%| O|  |TAMS 0x0000000481800000, 0x0000000481800000| Untracked 
|  25|0x0000000482000000, 0x0000000482800000, 0x0000000482800000|100%| O|  |TAMS 0x0000000482000000, 0x0000000482000000| Untracked 
|  26|0x0000000482800000, 0x0000000483000000, 0x0000000483000000|100%| O|  |TAMS 0x0000000482800000, 0x0000000482800000| Untracked 
|  27|0x0000000483000000, 0x0000000483800000, 0x0000000483800000|100%| O|  |TAMS 0x0000000483000000, 0x0000000483000000| Untracked 
|  28|0x0000000483800000, 0x0000000484000000, 0x0000000484000000|100%| O|  |TAMS 0x0000000483800000, 0x0000000483800000| Untracked 
|  29|0x0000000484000000, 0x0000000484800000, 0x0000000484800000|100%| O|  |TAMS 0x0000000484000000, 0x0000000484000000| Untracked 
|  30|0x0000000484800000, 0x0000000485000000, 0x0000000485000000|100%| O|  |TAMS 0x0000000484800000, 0x0000000484800000| Untracked 
|  31|0x0000000485000000, 0x0000000485800000, 0x0000000485800000|100%| O|  |TAMS 0x0000000485000000, 0x0000000485000000| Untracked 
|  32|0x0000000485800000, 0x0000000486000000, 0x0000000486000000|100%| O|  |TAMS 0x0000000485800000, 0x0000000485800000| Untracked 
|  33|0x0000000486000000, 0x0000000486800000, 0x0000000486800000|100%| O|  |TAMS 0x0000000486000000, 0x0000000486000000| Untracked 
|  34|0x0000000486800000, 0x0000000487000000, 0x0000000487000000|100%| O|  |TAMS 0x0000000486800000, 0x0000000486800000| Untracked 
|  35|0x0000000487000000, 0x0000000487800000, 0x0000000487800000|100%| O|  |TAMS 0x0000000487000000, 0x0000000487000000| Untracked 
|  36|0x0000000487800000, 0x0000000488000000, 0x0000000488000000|100%| O|  |TAMS 0x0000000487800000, 0x0000000487800000| Untracked 
|  37|0x0000000488000000, 0x0000000488800000, 0x0000000488800000|100%| O|  |TAMS 0x0000000488000000, 0x0000000488000000| Untracked 
|  38|0x0000000488800000, 0x0000000489000000, 0x0000000489000000|100%| O|  |TAMS 0x0000000488800000, 0x0000000488800000| Untracked 
|  39|0x0000000489000000, 0x0000000489800000, 0x0000000489800000|100%| O|  |TAMS 0x0000000489000000, 0x0000000489000000| Untracked 
|  40|0x0000000489800000, 0x000000048a000000, 0x000000048a000000|100%| O|  |TAMS 0x0000000489800000, 0x0000000489800000| Untracked 
|  41|0x000000048a000000, 0x000000048a800000, 0x000000048a800000|100%| O|  |TAMS 0x000000048a000000, 0x000000048a000000| Untracked 
|  42|0x000000048a800000, 0x000000048b000000, 0x000000048b000000|100%| O|  |TAMS 0x000000048a800000, 0x000000048a800000| Untracked 
|  43|0x000000048b000000, 0x000000048b800000, 0x000000048b800000|100%| O|  |TAMS 0x000000048b000000, 0x000000048b000000| Untracked 
|  44|0x000000048b800000, 0x000000048c000000, 0x000000048c000000|100%| O|  |TAMS 0x000000048b800000, 0x000000048b800000| Untracked 
|  45|0x000000048c000000, 0x000000048c800000, 0x000000048c800000|100%| O|  |TAMS 0x000000048c000000, 0x000000048c000000| Untracked 
|  46|0x000000048c800000, 0x000000048d000000, 0x000000048d000000|100%| O|  |TAMS 0x000000048c800000, 0x000000048c800000| Untracked 
|  47|0x000000048d000000, 0x000000048d800000, 0x000000048d800000|100%| O|  |TAMS 0x000000048d000000, 0x000000048d000000| Untracked 
|  48|0x000000048d800000, 0x000000048e000000, 0x000000048e000000|100%| O|  |TAMS 0x000000048d800000, 0x000000048d800000| Untracked 
|  49|0x000000048e000000, 0x000000048e800000, 0x000000048e800000|100%| O|  |TAMS 0x000000048e000000, 0x000000048e000000| Untracked 
|  50|0x000000048e800000, 0x000000048efdf000, 0x000000048f000000| 98%| O|  |TAMS 0x000000048e800000, 0x000000048e800000| Untracked 
|  51|0x000000048f000000, 0x000000048f800000, 0x000000048f800000|100%|HS|  |TAMS 0x000000048f000000, 0x000000048f000000| Complete 
|  52|0x000000048f800000, 0x000000048f800000, 0x0000000490000000|  0%| F|  |TAMS 0x000000048f800000, 0x000000048f800000| Untracked 
|  53|0x0000000490000000, 0x0000000490000000, 0x0000000490800000|  0%| F|  |TAMS 0x0000000490000000, 0x0000000490000000| Untracked 
|  54|0x0000000490800000, 0x0000000490800000, 0x0000000491000000|  0%| F|  |TAMS 0x0000000490800000, 0x0000000490800000| Untracked 
|  55|0x0000000491000000, 0x0000000491000000, 0x0000000491800000|  0%| F|  |TAMS 0x0000000491000000, 0x0000000491000000| Untracked 
|  56|0x0000000491800000, 0x0000000491800000, 0x0000000492000000|  0%| F|  |TAMS 0x0000000491800000, 0x0000000491800000| Untracked 
|  57|0x0000000492000000, 0x0000000492000000, 0x0000000492800000|  0%| F|  |TAMS 0x0000000492000000, 0x0000000492000000| Untracked 
|  58|0x0000000492800000, 0x0000000492800000, 0x0000000493000000|  0%| F|  |TAMS 0x0000000492800000, 0x0000000492800000| Untracked 
|  59|0x0000000493000000, 0x0000000493000000, 0x0000000493800000|  0%| F|  |TAMS 0x0000000493000000, 0x0000000493000000| Untracked 
|  60|0x0000000493800000, 0x0000000493800000, 0x0000000494000000|  0%| F|  |TAMS 0x0000000493800000, 0x0000000493800000| Untracked 
|  61|0x0000000494000000, 0x0000000494000000, 0x0000000494800000|  0%| F|  |TAMS 0x0000000494000000, 0x0000000494000000| Untracked 
|  62|0x0000000494800000, 0x0000000494800000, 0x0000000495000000|  0%| F|  |TAMS 0x0000000494800000, 0x0000000494800000| Untracked 
|  63|0x0000000495000000, 0x0000000495000000, 0x0000000495800000|  0%| F|  |TAMS 0x0000000495000000, 0x0000000495000000| Untracked 
|  64|0x0000000495800000, 0x0000000495800000, 0x0000000496000000|  0%| F|  |TAMS 0x0000000495800000, 0x0000000495800000| Untracked 
|  65|0x0000000496000000, 0x0000000496000000, 0x0000000496800000|  0%| F|  |TAMS 0x0000000496000000, 0x0000000496000000| Untracked 
|  66|0x0000000496800000, 0x0000000496800000, 0x0000000497000000|  0%| F|  |TAMS 0x0000000496800000, 0x0000000496800000| Untracked 
|  67|0x0000000497000000, 0x0000000497000000, 0x0000000497800000|  0%| F|  |TAMS 0x0000000497000000, 0x0000000497000000| Untracked 
|  68|0x0000000497800000, 0x0000000497800000, 0x0000000498000000|  0%| F|  |TAMS 0x0000000497800000, 0x0000000497800000| Untracked 
|  69|0x0000000498000000, 0x0000000498000000, 0x0000000498800000|  0%| F|  |TAMS 0x0000000498000000, 0x0000000498000000| Untracked 
|  70|0x0000000498800000, 0x000000049893a4c8, 0x0000000499000000| 15%| S|CS|TAMS 0x0000000498800000, 0x0000000498800000| Complete 
|  71|0x0000000499000000, 0x0000000499800000, 0x0000000499800000|100%| S|CS|TAMS 0x0000000499000000, 0x0000000499000000| Complete 
|  72|0x0000000499800000, 0x000000049a000000, 0x000000049a000000|100%| S|CS|TAMS 0x0000000499800000, 0x0000000499800000| Complete 
|  73|0x000000049a000000, 0x000000049a800000, 0x000000049a800000|100%| S|CS|TAMS 0x000000049a000000, 0x000000049a000000| Complete 
|  74|0x000000049a800000, 0x000000049b000000, 0x000000049b000000|100%| S|CS|TAMS 0x000000049a800000, 0x000000049a800000| Complete 
|  75|0x000000049b000000, 0x000000049b800000, 0x000000049b800000|100%| S|CS|TAMS 0x000000049b000000, 0x000000049b000000| Complete 
|  76|0x000000049b800000, 0x000000049c000000, 0x000000049c000000|100%| S|CS|TAMS 0x000000049b800000, 0x000000049b800000| Complete 
|  77|0x000000049c000000, 0x000000049c800000, 0x000000049c800000|100%| S|CS|TAMS 0x000000049c000000, 0x000000049c000000| Complete 
|  78|0x000000049c800000, 0x000000049c800000, 0x000000049d000000|  0%| F|  |TAMS 0x000000049c800000, 0x000000049c800000| Untracked 
|  79|0x000000049d000000, 0x000000049d000000, 0x000000049d800000|  0%| F|  |TAMS 0x000000049d000000, 0x000000049d000000| Untracked 
|  80|0x000000049d800000, 0x000000049d800000, 0x000000049e000000|  0%| F|  |TAMS 0x000000049d800000, 0x000000049d800000| Untracked 
|  81|0x000000049e000000, 0x000000049e000000, 0x000000049e800000|  0%| F|  |TAMS 0x000000049e000000, 0x000000049e000000| Untracked 
|  82|0x000000049e800000, 0x000000049e800000, 0x000000049f000000|  0%| F|  |TAMS 0x000000049e800000, 0x000000049e800000| Untracked 
|  83|0x000000049f000000, 0x000000049f000000, 0x000000049f800000|  0%| F|  |TAMS 0x000000049f000000, 0x000000049f000000| Untracked 
|  84|0x000000049f800000, 0x000000049f800000, 0x00000004a0000000|  0%| F|  |TAMS 0x000000049f800000, 0x000000049f800000| Untracked 
|  85|0x00000004a0000000, 0x00000004a0000000, 0x00000004a0800000|  0%| F|  |TAMS 0x00000004a0000000, 0x00000004a0000000| Untracked 
|  86|0x00000004a0800000, 0x00000004a0800000, 0x00000004a1000000|  0%| F|  |TAMS 0x00000004a0800000, 0x00000004a0800000| Untracked 
|  87|0x00000004a1000000, 0x00000004a1000000, 0x00000004a1800000|  0%| F|  |TAMS 0x00000004a1000000, 0x00000004a1000000| Untracked 
|  88|0x00000004a1800000, 0x00000004a1800000, 0x00000004a2000000|  0%| F|  |TAMS 0x00000004a1800000, 0x00000004a1800000| Untracked 
|  89|0x00000004a2000000, 0x00000004a2800000, 0x00000004a2800000|100%| S|CS|TAMS 0x00000004a2000000, 0x00000004a2000000| Complete 
|  90|0x00000004a2800000, 0x00000004a3000000, 0x00000004a3000000|100%| S|CS|TAMS 0x00000004a2800000, 0x00000004a2800000| Complete 
|  91|0x00000004a3000000, 0x00000004a3800000, 0x00000004a3800000|100%| S|CS|TAMS 0x00000004a3000000, 0x00000004a3000000| Complete 
|  92|0x00000004a3800000, 0x00000004a4000000, 0x00000004a4000000|100%| S|CS|TAMS 0x00000004a3800000, 0x00000004a3800000| Complete 
|  93|0x00000004a4000000, 0x00000004a4000000, 0x00000004a4800000|  0%| F|  |TAMS 0x00000004a4000000, 0x00000004a4000000| Untracked 
|  94|0x00000004a4800000, 0x00000004a4800000, 0x00000004a5000000|  0%| F|  |TAMS 0x00000004a4800000, 0x00000004a4800000| Untracked 
|  95|0x00000004a5000000, 0x00000004a5000000, 0x00000004a5800000|  0%| F|  |TAMS 0x00000004a5000000, 0x00000004a5000000| Untracked 
|  96|0x00000004a5800000, 0x00000004a5800000, 0x00000004a6000000|  0%| F|  |TAMS 0x00000004a5800000, 0x00000004a5800000| Untracked 
|  97|0x00000004a6000000, 0x00000004a6000000, 0x00000004a6800000|  0%| F|  |TAMS 0x00000004a6000000, 0x00000004a6000000| Untracked 
|  98|0x00000004a6800000, 0x00000004a6800000, 0x00000004a7000000|  0%| F|  |TAMS 0x00000004a6800000, 0x00000004a6800000| Untracked 
|  99|0x00000004a7000000, 0x00000004a7000000, 0x00000004a7800000|  0%| F|  |TAMS 0x00000004a7000000, 0x00000004a7000000| Untracked 
| 100|0x00000004a7800000, 0x00000004a7800000, 0x00000004a8000000|  0%| F|  |TAMS 0x00000004a7800000, 0x00000004a7800000| Untracked 
| 101|0x00000004a8000000, 0x00000004a8000000, 0x00000004a8800000|  0%| F|  |TAMS 0x00000004a8000000, 0x00000004a8000000| Untracked 
| 102|0x00000004a8800000, 0x00000004a8800000, 0x00000004a9000000|  0%| F|  |TAMS 0x00000004a8800000, 0x00000004a8800000| Untracked 
| 103|0x00000004a9000000, 0x00000004a9000000, 0x00000004a9800000|  0%| F|  |TAMS 0x00000004a9000000, 0x00000004a9000000| Untracked 
| 104|0x00000004a9800000, 0x00000004a9800000, 0x00000004aa000000|  0%| F|  |TAMS 0x00000004a9800000, 0x00000004a9800000| Untracked 
| 105|0x00000004aa000000, 0x00000004aa000000, 0x00000004aa800000|  0%| F|  |TAMS 0x00000004aa000000, 0x00000004aa000000| Untracked 
| 106|0x00000004aa800000, 0x00000004aa800000, 0x00000004ab000000|  0%| F|  |TAMS 0x00000004aa800000, 0x00000004aa800000| Untracked 
| 107|0x00000004ab000000, 0x00000004ab000000, 0x00000004ab800000|  0%| F|  |TAMS 0x00000004ab000000, 0x00000004ab000000| Untracked 
| 108|0x00000004ab800000, 0x00000004ab800000, 0x00000004ac000000|  0%| F|  |TAMS 0x00000004ab800000, 0x00000004ab800000| Untracked 
| 109|0x00000004ac000000, 0x00000004ac000000, 0x00000004ac800000|  0%| F|  |TAMS 0x00000004ac000000, 0x00000004ac000000| Untracked 
| 110|0x00000004ac800000, 0x00000004ac800000, 0x00000004ad000000|  0%| F|  |TAMS 0x00000004ac800000, 0x00000004ac800000| Untracked 
| 111|0x00000004ad000000, 0x00000004ad000000, 0x00000004ad800000|  0%| F|  |TAMS 0x00000004ad000000, 0x00000004ad000000| Untracked 
| 112|0x00000004ad800000, 0x00000004ad800000, 0x00000004ae000000|  0%| F|  |TAMS 0x00000004ad800000, 0x00000004ad800000| Untracked 
| 113|0x00000004ae000000, 0x00000004ae000000, 0x00000004ae800000|  0%| F|  |TAMS 0x00000004ae000000, 0x00000004ae000000| Untracked 
| 114|0x00000004ae800000, 0x00000004ae800000, 0x00000004af000000|  0%| F|  |TAMS 0x00000004ae800000, 0x00000004ae800000| Untracked 
| 115|0x00000004af000000, 0x00000004af000000, 0x00000004af800000|  0%| F|  |TAMS 0x00000004af000000, 0x00000004af000000| Untracked 
| 116|0x00000004af800000, 0x00000004af800000, 0x00000004b0000000|  0%| F|  |TAMS 0x00000004af800000, 0x00000004af800000| Untracked 
| 117|0x00000004b0000000, 0x00000004b0000000, 0x00000004b0800000|  0%| F|  |TAMS 0x00000004b0000000, 0x00000004b0000000| Untracked 
| 118|0x00000004b0800000, 0x00000004b0800000, 0x00000004b1000000|  0%| F|  |TAMS 0x00000004b0800000, 0x00000004b0800000| Untracked 
| 119|0x00000004b1000000, 0x00000004b1000000, 0x00000004b1800000|  0%| F|  |TAMS 0x00000004b1000000, 0x00000004b1000000| Untracked 
| 120|0x00000004b1800000, 0x00000004b1800000, 0x00000004b2000000|  0%| F|  |TAMS 0x00000004b1800000, 0x00000004b1800000| Untracked 
| 121|0x00000004b2000000, 0x00000004b2000000, 0x00000004b2800000|  0%| F|  |TAMS 0x00000004b2000000, 0x00000004b2000000| Untracked 
| 122|0x00000004b2800000, 0x00000004b2800000, 0x00000004b3000000|  0%| F|  |TAMS 0x00000004b2800000, 0x00000004b2800000| Untracked 
| 123|0x00000004b3000000, 0x00000004b3000000, 0x00000004b3800000|  0%| F|  |TAMS 0x00000004b3000000, 0x00000004b3000000| Untracked 
| 124|0x00000004b3800000, 0x00000004b3800000, 0x00000004b4000000|  0%| F|  |TAMS 0x00000004b3800000, 0x00000004b3800000| Untracked 
| 125|0x00000004b4000000, 0x00000004b4000000, 0x00000004b4800000|  0%| F|  |TAMS 0x00000004b4000000, 0x00000004b4000000| Untracked 
| 126|0x00000004b4800000, 0x00000004b4800000, 0x00000004b5000000|  0%| F|  |TAMS 0x00000004b4800000, 0x00000004b4800000| Untracked 
| 127|0x00000004b5000000, 0x00000004b5000000, 0x00000004b5800000|  0%| F|  |TAMS 0x00000004b5000000, 0x00000004b5000000| Untracked 
| 128|0x00000004b5800000, 0x00000004b5800000, 0x00000004b6000000|  0%| F|  |TAMS 0x00000004b5800000, 0x00000004b5800000| Untracked 
| 129|0x00000004b6000000, 0x00000004b6000000, 0x00000004b6800000|  0%| F|  |TAMS 0x00000004b6000000, 0x00000004b6000000| Untracked 
| 130|0x00000004b6800000, 0x00000004b6800000, 0x00000004b7000000|  0%| F|  |TAMS 0x00000004b6800000, 0x00000004b6800000| Untracked 
| 131|0x00000004b7000000, 0x00000004b7800000, 0x00000004b7800000|100%| E|  |TAMS 0x00000004b7000000, 0x00000004b7000000| Complete 
| 132|0x00000004b7800000, 0x00000004b8000000, 0x00000004b8000000|100%| E|CS|TAMS 0x00000004b7800000, 0x00000004b7800000| Complete 
| 133|0x00000004b8000000, 0x00000004b8800000, 0x00000004b8800000|100%| E|CS|TAMS 0x00000004b8000000, 0x00000004b8000000| Complete 
| 134|0x00000004b8800000, 0x00000004b9000000, 0x00000004b9000000|100%| E|CS|TAMS 0x00000004b8800000, 0x00000004b8800000| Complete 
| 135|0x00000004b9000000, 0x00000004b9800000, 0x00000004b9800000|100%| E|CS|TAMS 0x00000004b9000000, 0x00000004b9000000| Complete 
| 136|0x00000004b9800000, 0x00000004ba000000, 0x00000004ba000000|100%| E|CS|TAMS 0x00000004b9800000, 0x00000004b9800000| Complete 
| 137|0x00000004ba000000, 0x00000004ba800000, 0x00000004ba800000|100%| E|CS|TAMS 0x00000004ba000000, 0x00000004ba000000| Complete 
| 138|0x00000004ba800000, 0x00000004bb000000, 0x00000004bb000000|100%| E|CS|TAMS 0x00000004ba800000, 0x00000004ba800000| Complete 
| 139|0x00000004bb000000, 0x00000004bb800000, 0x00000004bb800000|100%| E|CS|TAMS 0x00000004bb000000, 0x00000004bb000000| Complete 
| 140|0x00000004bb800000, 0x00000004bc000000, 0x00000004bc000000|100%| E|CS|TAMS 0x00000004bb800000, 0x00000004bb800000| Complete 
| 141|0x00000004bc000000, 0x00000004bc800000, 0x00000004bc800000|100%| E|CS|TAMS 0x00000004bc000000, 0x00000004bc000000| Complete 
| 142|0x00000004bc800000, 0x00000004bd000000, 0x00000004bd000000|100%| E|CS|TAMS 0x00000004bc800000, 0x00000004bc800000| Complete 
| 143|0x00000004bd000000, 0x00000004bd800000, 0x00000004bd800000|100%| E|CS|TAMS 0x00000004bd000000, 0x00000004bd000000| Complete 
| 144|0x00000004bd800000, 0x00000004be000000, 0x00000004be000000|100%| E|CS|TAMS 0x00000004bd800000, 0x00000004bd800000| Complete 
| 145|0x00000004be000000, 0x00000004be800000, 0x00000004be800000|100%| E|CS|TAMS 0x00000004be000000, 0x00000004be000000| Complete 
| 146|0x00000004be800000, 0x00000004bf000000, 0x00000004bf000000|100%| E|CS|TAMS 0x00000004be800000, 0x00000004be800000| Complete 
| 147|0x00000004bf000000, 0x00000004bf800000, 0x00000004bf800000|100%| E|CS|TAMS 0x00000004bf000000, 0x00000004bf000000| Complete 
| 148|0x00000004bf800000, 0x00000004c0000000, 0x00000004c0000000|100%| E|CS|TAMS 0x00000004bf800000, 0x00000004bf800000| Complete 
| 149|0x00000004c0000000, 0x00000004c0800000, 0x00000004c0800000|100%| E|CS|TAMS 0x00000004c0000000, 0x00000004c0000000| Complete 
| 150|0x00000004c0800000, 0x00000004c1000000, 0x00000004c1000000|100%| E|CS|TAMS 0x00000004c0800000, 0x00000004c0800000| Complete 
| 151|0x00000004c1000000, 0x00000004c1800000, 0x00000004c1800000|100%| E|  |TAMS 0x00000004c1000000, 0x00000004c1000000| Complete 
| 152|0x00000004c1800000, 0x00000004c2000000, 0x00000004c2000000|100%| E|CS|TAMS 0x00000004c1800000, 0x00000004c1800000| Complete 
| 153|0x00000004c2000000, 0x00000004c2800000, 0x00000004c2800000|100%| E|CS|TAMS 0x00000004c2000000, 0x00000004c2000000| Complete 
| 154|0x00000004c2800000, 0x00000004c3000000, 0x00000004c3000000|100%| E|CS|TAMS 0x00000004c2800000, 0x00000004c2800000| Complete 
| 155|0x00000004c3000000, 0x00000004c3800000, 0x00000004c3800000|100%| E|CS|TAMS 0x00000004c3000000, 0x00000004c3000000| Complete 
| 156|0x00000004c3800000, 0x00000004c4000000, 0x00000004c4000000|100%| E|CS|TAMS 0x00000004c3800000, 0x00000004c3800000| Complete 
| 157|0x00000004c4000000, 0x00000004c4800000, 0x00000004c4800000|100%| E|CS|TAMS 0x00000004c4000000, 0x00000004c4000000| Complete 
| 158|0x00000004c4800000, 0x00000004c5000000, 0x00000004c5000000|100%| E|CS|TAMS 0x00000004c4800000, 0x00000004c4800000| Complete 
| 159|0x00000004c5000000, 0x00000004c5800000, 0x00000004c5800000|100%| E|CS|TAMS 0x00000004c5000000, 0x00000004c5000000| Complete 
| 160|0x00000004c5800000, 0x00000004c6000000, 0x00000004c6000000|100%| E|CS|TAMS 0x00000004c5800000, 0x00000004c5800000| Complete 
| 161|0x00000004c6000000, 0x00000004c6800000, 0x00000004c6800000|100%| E|CS|TAMS 0x00000004c6000000, 0x00000004c6000000| Complete 
| 162|0x00000004c6800000, 0x00000004c7000000, 0x00000004c7000000|100%| E|CS|TAMS 0x00000004c6800000, 0x00000004c6800000| Complete 
| 163|0x00000004c7000000, 0x00000004c7800000, 0x00000004c7800000|100%| E|CS|TAMS 0x00000004c7000000, 0x00000004c7000000| Complete 
| 164|0x00000004c7800000, 0x00000004c8000000, 0x00000004c8000000|100%| E|CS|TAMS 0x00000004c7800000, 0x00000004c7800000| Complete 
| 165|0x00000004c8000000, 0x00000004c8800000, 0x00000004c8800000|100%| E|CS|TAMS 0x00000004c8000000, 0x00000004c8000000| Complete 
| 166|0x00000004c8800000, 0x00000004c9000000, 0x00000004c9000000|100%| E|CS|TAMS 0x00000004c8800000, 0x00000004c8800000| Complete 
| 167|0x00000004c9000000, 0x00000004c9800000, 0x00000004c9800000|100%| E|CS|TAMS 0x00000004c9000000, 0x00000004c9000000| Complete 
| 168|0x00000004c9800000, 0x00000004ca000000, 0x00000004ca000000|100%| E|CS|TAMS 0x00000004c9800000, 0x00000004c9800000| Complete 
| 169|0x00000004ca000000, 0x00000004ca800000, 0x00000004ca800000|100%| E|CS|TAMS 0x00000004ca000000, 0x00000004ca000000| Complete 
| 170|0x00000004ca800000, 0x00000004cb000000, 0x00000004cb000000|100%| E|CS|TAMS 0x00000004ca800000, 0x00000004ca800000| Complete 
| 171|0x00000004cb000000, 0x00000004cb800000, 0x00000004cb800000|100%| E|CS|TAMS 0x00000004cb000000, 0x00000004cb000000| Complete 
| 172|0x00000004cb800000, 0x00000004cc000000, 0x00000004cc000000|100%| E|CS|TAMS 0x00000004cb800000, 0x00000004cb800000| Complete 
| 173|0x00000004cc000000, 0x00000004cc800000, 0x00000004cc800000|100%| E|CS|TAMS 0x00000004cc000000, 0x00000004cc000000| Complete 
| 174|0x00000004cc800000, 0x00000004cd000000, 0x00000004cd000000|100%| E|CS|TAMS 0x00000004cc800000, 0x00000004cc800000| Complete 
| 175|0x00000004cd000000, 0x00000004cd800000, 0x00000004cd800000|100%| E|CS|TAMS 0x00000004cd000000, 0x00000004cd000000| Complete 
| 176|0x00000004cd800000, 0x00000004ce000000, 0x00000004ce000000|100%| E|CS|TAMS 0x00000004cd800000, 0x00000004cd800000| Complete 
| 177|0x00000004ce000000, 0x00000004ce800000, 0x00000004ce800000|100%| E|CS|TAMS 0x00000004ce000000, 0x00000004ce000000| Complete 
| 178|0x00000004ce800000, 0x00000004cf000000, 0x00000004cf000000|100%| E|CS|TAMS 0x00000004ce800000, 0x00000004ce800000| Complete 
| 179|0x00000004cf000000, 0x00000004cf800000, 0x00000004cf800000|100%| E|CS|TAMS 0x00000004cf000000, 0x00000004cf000000| Complete 
| 180|0x00000004cf800000, 0x00000004d0000000, 0x00000004d0000000|100%| E|CS|TAMS 0x00000004cf800000, 0x00000004cf800000| Complete 
| 181|0x00000004d0000000, 0x00000004d0800000, 0x00000004d0800000|100%| E|CS|TAMS 0x00000004d0000000, 0x00000004d0000000| Complete 
| 182|0x00000004d0800000, 0x00000004d1000000, 0x00000004d1000000|100%| E|CS|TAMS 0x00000004d0800000, 0x00000004d0800000| Complete 
| 183|0x00000004d1000000, 0x00000004d1800000, 0x00000004d1800000|100%| E|CS|TAMS 0x00000004d1000000, 0x00000004d1000000| Complete 
| 184|0x00000004d1800000, 0x00000004d2000000, 0x00000004d2000000|100%| E|CS|TAMS 0x00000004d1800000, 0x00000004d1800000| Complete 
| 185|0x00000004d2000000, 0x00000004d2800000, 0x00000004d2800000|100%| E|CS|TAMS 0x00000004d2000000, 0x00000004d2000000| Complete 
| 186|0x00000004d2800000, 0x00000004d3000000, 0x00000004d3000000|100%| E|CS|TAMS 0x00000004d2800000, 0x00000004d2800000| Complete 
| 187|0x00000004d3000000, 0x00000004d3800000, 0x00000004d3800000|100%| E|CS|TAMS 0x00000004d3000000, 0x00000004d3000000| Complete 
| 188|0x00000004d3800000, 0x00000004d4000000, 0x00000004d4000000|100%| E|CS|TAMS 0x00000004d3800000, 0x00000004d3800000| Complete 
| 189|0x00000004d4000000, 0x00000004d4800000, 0x00000004d4800000|100%| E|CS|TAMS 0x00000004d4000000, 0x00000004d4000000| Complete 
| 190|0x00000004d4800000, 0x00000004d5000000, 0x00000004d5000000|100%| E|CS|TAMS 0x00000004d4800000, 0x00000004d4800000| Complete 
| 191|0x00000004d5000000, 0x00000004d5800000, 0x00000004d5800000|100%| E|CS|TAMS 0x00000004d5000000, 0x00000004d5000000| Complete 
| 192|0x00000004d5800000, 0x00000004d6000000, 0x00000004d6000000|100%| E|CS|TAMS 0x00000004d5800000, 0x00000004d5800000| Complete 
| 193|0x00000004d6000000, 0x00000004d6800000, 0x00000004d6800000|100%| E|CS|TAMS 0x00000004d6000000, 0x00000004d6000000| Complete 
| 194|0x00000004d6800000, 0x00000004d7000000, 0x00000004d7000000|100%| E|CS|TAMS 0x00000004d6800000, 0x00000004d6800000| Complete 
| 195|0x00000004d7000000, 0x00000004d7800000, 0x00000004d7800000|100%| E|CS|TAMS 0x00000004d7000000, 0x00000004d7000000| Complete 
| 196|0x00000004d7800000, 0x00000004d8000000, 0x00000004d8000000|100%| E|CS|TAMS 0x00000004d7800000, 0x00000004d7800000| Complete 
| 197|0x00000004d8000000, 0x00000004d8800000, 0x00000004d8800000|100%| E|CS|TAMS 0x00000004d8000000, 0x00000004d8000000| Complete 
| 198|0x00000004d8800000, 0x00000004d9000000, 0x00000004d9000000|100%| E|CS|TAMS 0x00000004d8800000, 0x00000004d8800000| Complete 
| 199|0x00000004d9000000, 0x00000004d9800000, 0x00000004d9800000|100%| E|CS|TAMS 0x00000004d9000000, 0x00000004d9000000| Complete 
| 200|0x00000004d9800000, 0x00000004da000000, 0x00000004da000000|100%| E|CS|TAMS 0x00000004d9800000, 0x00000004d9800000| Complete 
| 201|0x00000004da000000, 0x00000004da800000, 0x00000004da800000|100%| E|CS|TAMS 0x00000004da000000, 0x00000004da000000| Complete 
| 202|0x00000004da800000, 0x00000004db000000, 0x00000004db000000|100%| E|CS|TAMS 0x00000004da800000, 0x00000004da800000| Complete 
| 203|0x00000004db000000, 0x00000004db800000, 0x00000004db800000|100%| E|CS|TAMS 0x00000004db000000, 0x00000004db000000| Complete 
| 204|0x00000004db800000, 0x00000004dc000000, 0x00000004dc000000|100%| E|CS|TAMS 0x00000004db800000, 0x00000004db800000| Complete 
| 205|0x00000004dc000000, 0x00000004dc800000, 0x00000004dc800000|100%| E|CS|TAMS 0x00000004dc000000, 0x00000004dc000000| Complete 
| 206|0x00000004dc800000, 0x00000004dd000000, 0x00000004dd000000|100%| E|CS|TAMS 0x00000004dc800000, 0x00000004dc800000| Complete 
| 207|0x00000004dd000000, 0x00000004dd800000, 0x00000004dd800000|100%| E|CS|TAMS 0x00000004dd000000, 0x00000004dd000000| Complete 
| 208|0x00000004dd800000, 0x00000004de000000, 0x00000004de000000|100%| E|CS|TAMS 0x00000004dd800000, 0x00000004dd800000| Complete 
| 209|0x00000004de000000, 0x00000004de800000, 0x00000004de800000|100%| E|CS|TAMS 0x00000004de000000, 0x00000004de000000| Complete 
| 210|0x00000004de800000, 0x00000004df000000, 0x00000004df000000|100%| E|CS|TAMS 0x00000004de800000, 0x00000004de800000| Complete 
| 211|0x00000004df000000, 0x00000004df800000, 0x00000004df800000|100%| E|CS|TAMS 0x00000004df000000, 0x00000004df000000| Complete 
| 212|0x00000004df800000, 0x00000004e0000000, 0x00000004e0000000|100%| E|CS|TAMS 0x00000004df800000, 0x00000004df800000| Complete 
| 213|0x00000004e0000000, 0x00000004e0800000, 0x00000004e0800000|100%| E|CS|TAMS 0x00000004e0000000, 0x00000004e0000000| Complete 
| 214|0x00000004e0800000, 0x00000004e1000000, 0x00000004e1000000|100%| E|CS|TAMS 0x00000004e0800000, 0x00000004e0800000| Complete 
| 215|0x00000004e1000000, 0x00000004e1800000, 0x00000004e1800000|100%| E|CS|TAMS 0x00000004e1000000, 0x00000004e1000000| Complete 
| 216|0x00000004e1800000, 0x00000004e2000000, 0x00000004e2000000|100%| E|CS|TAMS 0x00000004e1800000, 0x00000004e1800000| Complete 
| 217|0x00000004e2000000, 0x00000004e2800000, 0x00000004e2800000|100%| E|CS|TAMS 0x00000004e2000000, 0x00000004e2000000| Complete 
| 218|0x00000004e2800000, 0x00000004e3000000, 0x00000004e3000000|100%| E|CS|TAMS 0x00000004e2800000, 0x00000004e2800000| Complete 
| 219|0x00000004e3000000, 0x00000004e3800000, 0x00000004e3800000|100%| E|CS|TAMS 0x00000004e3000000, 0x00000004e3000000| Complete 
| 220|0x00000004e3800000, 0x00000004e4000000, 0x00000004e4000000|100%| E|CS|TAMS 0x00000004e3800000, 0x00000004e3800000| Complete 
| 221|0x00000004e4000000, 0x00000004e4800000, 0x00000004e4800000|100%| E|CS|TAMS 0x00000004e4000000, 0x00000004e4000000| Complete 
| 222|0x00000004e4800000, 0x00000004e5000000, 0x00000004e5000000|100%| E|CS|TAMS 0x00000004e4800000, 0x00000004e4800000| Complete 
| 223|0x00000004e5000000, 0x00000004e5800000, 0x00000004e5800000|100%| E|CS|TAMS 0x00000004e5000000, 0x00000004e5000000| Complete 
| 224|0x00000004e5800000, 0x00000004e6000000, 0x00000004e6000000|100%| E|CS|TAMS 0x00000004e5800000, 0x00000004e5800000| Complete 
| 225|0x00000004e6000000, 0x00000004e6800000, 0x00000004e6800000|100%| E|CS|TAMS 0x00000004e6000000, 0x00000004e6000000| Complete 
| 226|0x00000004e6800000, 0x00000004e7000000, 0x00000004e7000000|100%| E|CS|TAMS 0x00000004e6800000, 0x00000004e6800000| Complete 
| 227|0x00000004e7000000, 0x00000004e7800000, 0x00000004e7800000|100%| E|CS|TAMS 0x00000004e7000000, 0x00000004e7000000| Complete 
| 228|0x00000004e7800000, 0x00000004e8000000, 0x00000004e8000000|100%| E|CS|TAMS 0x00000004e7800000, 0x00000004e7800000| Complete 
| 229|0x00000004e8000000, 0x00000004e8800000, 0x00000004e8800000|100%| E|CS|TAMS 0x00000004e8000000, 0x00000004e8000000| Complete 
| 230|0x00000004e8800000, 0x00000004e9000000, 0x00000004e9000000|100%| E|CS|TAMS 0x00000004e8800000, 0x00000004e8800000| Complete 
| 231|0x00000004e9000000, 0x00000004e9800000, 0x00000004e9800000|100%| E|CS|TAMS 0x00000004e9000000, 0x00000004e9000000| Complete 
| 232|0x00000004e9800000, 0x00000004ea000000, 0x00000004ea000000|100%| E|CS|TAMS 0x00000004e9800000, 0x00000004e9800000| Complete 
| 233|0x00000004ea000000, 0x00000004ea800000, 0x00000004ea800000|100%| E|CS|TAMS 0x00000004ea000000, 0x00000004ea000000| Complete 
| 234|0x00000004ea800000, 0x00000004eb000000, 0x00000004eb000000|100%| E|CS|TAMS 0x00000004ea800000, 0x00000004ea800000| Complete 
| 235|0x00000004eb000000, 0x00000004eb800000, 0x00000004eb800000|100%| E|CS|TAMS 0x00000004eb000000, 0x00000004eb000000| Complete 
| 236|0x00000004eb800000, 0x00000004ec000000, 0x00000004ec000000|100%| E|CS|TAMS 0x00000004eb800000, 0x00000004eb800000| Complete 
| 237|0x00000004ec000000, 0x00000004ec800000, 0x00000004ec800000|100%| E|CS|TAMS 0x00000004ec000000, 0x00000004ec000000| Complete 
| 238|0x00000004ec800000, 0x00000004ed000000, 0x00000004ed000000|100%| E|CS|TAMS 0x00000004ec800000, 0x00000004ec800000| Complete 
| 239|0x00000004ed000000, 0x00000004ed800000, 0x00000004ed800000|100%| E|CS|TAMS 0x00000004ed000000, 0x00000004ed000000| Complete 
| 240|0x00000004ed800000, 0x00000004ee000000, 0x00000004ee000000|100%| E|CS|TAMS 0x00000004ed800000, 0x00000004ed800000| Complete 
| 241|0x00000004ee000000, 0x00000004ee800000, 0x00000004ee800000|100%| E|CS|TAMS 0x00000004ee000000, 0x00000004ee000000| Complete 
| 242|0x00000004ee800000, 0x00000004ef000000, 0x00000004ef000000|100%| E|CS|TAMS 0x00000004ee800000, 0x00000004ee800000| Complete 
| 243|0x00000004ef000000, 0x00000004ef800000, 0x00000004ef800000|100%| E|CS|TAMS 0x00000004ef000000, 0x00000004ef000000| Complete 
| 244|0x00000004ef800000, 0x00000004f0000000, 0x00000004f0000000|100%| E|CS|TAMS 0x00000004ef800000, 0x00000004ef800000| Complete 
| 245|0x00000004f0000000, 0x00000004f0800000, 0x00000004f0800000|100%| E|CS|TAMS 0x00000004f0000000, 0x00000004f0000000| Complete 
| 246|0x00000004f0800000, 0x00000004f1000000, 0x00000004f1000000|100%| E|CS|TAMS 0x00000004f0800000, 0x00000004f0800000| Complete 
| 247|0x00000004f1000000, 0x00000004f1800000, 0x00000004f1800000|100%| E|CS|TAMS 0x00000004f1000000, 0x00000004f1000000| Complete 
| 248|0x00000004f1800000, 0x00000004f2000000, 0x00000004f2000000|100%| E|CS|TAMS 0x00000004f1800000, 0x00000004f1800000| Complete 
| 249|0x00000004f2000000, 0x00000004f2800000, 0x00000004f2800000|100%| E|CS|TAMS 0x00000004f2000000, 0x00000004f2000000| Complete 
| 250|0x00000004f2800000, 0x00000004f3000000, 0x00000004f3000000|100%| E|CS|TAMS 0x00000004f2800000, 0x00000004f2800000| Complete 
| 251|0x00000004f3000000, 0x00000004f3800000, 0x00000004f3800000|100%| E|CS|TAMS 0x00000004f3000000, 0x00000004f3000000| Complete 
| 252|0x00000004f3800000, 0x00000004f4000000, 0x00000004f4000000|100%| E|CS|TAMS 0x00000004f3800000, 0x00000004f3800000| Complete 
| 253|0x00000004f4000000, 0x00000004f4800000, 0x00000004f4800000|100%| E|CS|TAMS 0x00000004f4000000, 0x00000004f4000000| Complete 
| 254|0x00000004f4800000, 0x00000004f5000000, 0x00000004f5000000|100%| E|CS|TAMS 0x00000004f4800000, 0x00000004f4800000| Complete 
| 255|0x00000004f5000000, 0x00000004f5800000, 0x00000004f5800000|100%| E|CS|TAMS 0x00000004f5000000, 0x00000004f5000000| Complete 
| 256|0x00000004f5800000, 0x00000004f6000000, 0x00000004f6000000|100%| E|CS|TAMS 0x00000004f5800000, 0x00000004f5800000| Complete 
| 257|0x00000004f6000000, 0x00000004f6800000, 0x00000004f6800000|100%| E|CS|TAMS 0x00000004f6000000, 0x00000004f6000000| Complete 
| 258|0x00000004f6800000, 0x00000004f7000000, 0x00000004f7000000|100%| E|CS|TAMS 0x00000004f6800000, 0x00000004f6800000| Complete 
| 259|0x00000004f7000000, 0x00000004f7800000, 0x00000004f7800000|100%| E|CS|TAMS 0x00000004f7000000, 0x00000004f7000000| Complete 
| 260|0x00000004f7800000, 0x00000004f8000000, 0x00000004f8000000|100%| E|CS|TAMS 0x00000004f7800000, 0x00000004f7800000| Complete 
| 261|0x00000004f8000000, 0x00000004f8800000, 0x00000004f8800000|100%| E|CS|TAMS 0x00000004f8000000, 0x00000004f8000000| Complete 
| 262|0x00000004f8800000, 0x00000004f9000000, 0x00000004f9000000|100%| E|CS|TAMS 0x00000004f8800000, 0x00000004f8800000| Complete 
| 263|0x00000004f9000000, 0x00000004f9800000, 0x00000004f9800000|100%| E|CS|TAMS 0x00000004f9000000, 0x00000004f9000000| Complete 
| 264|0x00000004f9800000, 0x00000004fa000000, 0x00000004fa000000|100%| E|CS|TAMS 0x00000004f9800000, 0x00000004f9800000| Complete 
| 265|0x00000004fa000000, 0x00000004fa800000, 0x00000004fa800000|100%| E|CS|TAMS 0x00000004fa000000, 0x00000004fa000000| Complete 
| 266|0x00000004fa800000, 0x00000004fb000000, 0x00000004fb000000|100%| E|CS|TAMS 0x00000004fa800000, 0x00000004fa800000| Complete 
| 267|0x00000004fb000000, 0x00000004fb800000, 0x00000004fb800000|100%| E|CS|TAMS 0x00000004fb000000, 0x00000004fb000000| Complete 
| 268|0x00000004fb800000, 0x00000004fc000000, 0x00000004fc000000|100%| E|CS|TAMS 0x00000004fb800000, 0x00000004fb800000| Complete 

Card table byte_map: [0x000001fa29a00000,0x000001fa2b660000] _byte_map_base: 0x000001fa27654000

Marking Bits (Prev, Next): (CMBitMap*) 0x000001fa10c90f70, (CMBitMap*) 0x000001fa10c90fb0
 Prev Bits: [0x000001fa2d2c0000, 0x000001fa3b560000)
 Next Bits: [0x000001fa3b560000, 0x000001fa49800000)

Polling page: 0x000001fa0eb80000

Metaspace:

Usage:
  Non-class:     10.79 MB used.
      Class:      1.18 MB used.
       Both:     11.97 MB used.

Virtual space:
  Non-class space:       64.00 MB reserved,      10.88 MB ( 17%) committed,  1 nodes.
      Class space:        1.00 GB reserved,       1.31 MB ( <1%) committed,  1 nodes.
             Both:        1.06 GB reserved,      12.19 MB (  1%) committed. 

Chunk freelists:
   Non-Class:  963.00 KB
       Class:  2.72 MB
        Both:  3.67 MB

MaxMetaspaceSize: unlimited
CompressedClassSpaceSize: 1.00 GB
Initial GC threshold: 21.00 MB
Current GC threshold: 21.00 MB
CDS: on
MetaspaceReclaimPolicy: balanced
 - commit_granule_bytes: 65536.
 - commit_granule_words: 8192.
 - virtual_space_node_default_size: 8388608.
 - enlarge_chunks_in_place: 1.
 - new_chunks_are_fully_committed: 0.
 - uncommit_free_chunks: 1.
 - use_allocation_guard: 0.


Internal statistics:

num_allocs_failed_limit: 0.
num_arena_births: 220.
num_arena_deaths: 0.
num_vsnodes_births: 2.
num_vsnodes_deaths: 0.
num_space_committed: 194.
num_space_uncommitted: 0.
num_chunks_returned_to_freelist: 0.
num_chunks_taken_from_freelist: 380.
num_chunk_merges: 0.
num_chunk_splits: 250.
num_chunks_enlarged: 149.
num_inconsistent_stats: 0.

CodeHeap 'non-profiled nmethods': size=119168Kb used=1483Kb max_used=1483Kb free=117685Kb
 bounds [0x000001fa200c0000, 0x000001fa20330000, 0x000001fa27520000]
CodeHeap 'profiled nmethods': size=119104Kb used=4708Kb max_used=4708Kb free=114395Kb
 bounds [0x000001fa18c70000, 0x000001fa19110000, 0x000001fa200c0000]
CodeHeap 'non-nmethods': size=7488Kb used=1913Kb max_used=2361Kb free=5574Kb
 bounds [0x000001fa18520000, 0x000001fa18790000, 0x000001fa18c70000]
 total_blobs=3183 nmethods=2496 adapters=598
 compilation: enabled
              stopped_count=0, restarted_count=0
 full_count=0

Compilation events (20 events):
Event: 12.347 Thread 0x000001fa499f04e0 2482       1       javax.swing.JLayeredPane::isOptimizedDrawingEnabled (5 bytes)
Event: 12.347 Thread 0x000001fa508e2b70 2483       1       sun.java2d.SunGraphics2D::getComposite (5 bytes)
Event: 12.347 Thread 0x000001fa499f04e0 nmethod 2482 0x000001fa20231b90 code [0x000001fa20231d20, 0x000001fa20231df8]
Event: 12.347 Thread 0x000001fa508e2b70 nmethod 2483 0x000001fa20231e90 code [0x000001fa20232020, 0x000001fa202320f8]
Event: 12.347 Thread 0x000001fa508e2b70 2484       3       java.awt.Rectangle::getBounds (24 bytes)
Event: 12.347 Thread 0x000001fa499f04e0 2485       3       sun.java2d.pipe.Region::getIntersectionXYWH (18 bytes)
Event: 12.347 Thread 0x000001fa508e2b70 nmethod 2484 0x000001fa19102590 code [0x000001fa19102740, 0x000001fa19102a58]
Event: 12.348 Thread 0x000001fa499f04e0 nmethod 2485 0x000001fa19102b90 code [0x000001fa19102d40, 0x000001fa19103048]
Event: 12.348 Thread 0x000001fa499f04e0 2486       3       sun.java2d.d3d.D3DSurfaceData$D3DWindowSurfaceData::markClean (9 bytes)
Event: 12.348 Thread 0x000001fa508e2b70 2487  s    3       javax.swing.RepaintManager::isPaintingThread (16 bytes)
Event: 12.348 Thread 0x000001fa499f04e0 nmethod 2486 0x000001fa19103190 code [0x000001fa19103340, 0x000001fa191035e8]
Event: 12.348 Thread 0x000001fa508e2b70 nmethod 2487 0x000001fa19103710 code [0x000001fa191038a0, 0x000001fa19103ad8]
Event: 12.365 Thread 0x000001fa508e2b70 2488   !   3       sun.java2d.d3d.D3DSurfaceData::swapBuffers (147 bytes)
Event: 12.365 Thread 0x000001fa499f04e0 2489       3       sun.java2d.d3d.D3DRenderQueue::isRenderQueueThread (15 bytes)
Event: 12.365 Thread 0x000001fa499f04e0 nmethod 2489 0x000001fa19103b90 code [0x000001fa19103d20, 0x000001fa19103e98]
Event: 12.367 Thread 0x000001fa508e2b70 nmethod 2488 0x000001fa19103f10 code [0x000001fa191043a0, 0x000001fa191067b8]
Event: 12.394 Thread 0x000001fa508e2b70 2490       3       java.util.IdentityHashMap::keySet (25 bytes)
Event: 12.394 Thread 0x000001fa499f04e0 2491       1       javax.swing.JComponent::alwaysOnTop (2 bytes)
Event: 12.394 Thread 0x000001fa499f04e0 nmethod 2491 0x000001fa20232190 code [0x000001fa20232320, 0x000001fa202323f8]
Event: 12.394 Thread 0x000001fa508e2b70 nmethod 2490 0x000001fa19107810 code [0x000001fa191079c0, 0x000001fa19107db8]

GC Heap History (20 events):
Event: 2.156 GC heap before
{Heap before GC invocations=15 (full 0):
 garbage-first heap   total 843776K, used 618052K [0x0000000475800000, 0x0000000800000000)
  region size 8192K, 61 young (499712K), 6 survivors (49152K)
 Metaspace       used 4319K, committed 4416K, reserved 1114112K
  class space    used 410K, committed 448K, reserved 1048576K
}
Event: 2.164 GC heap after
{Heap after GC invocations=16 (full 0):
 garbage-first heap   total 843776K, used 188218K [0x0000000475800000, 0x0000000800000000)
  region size 8192K, 6 young (49152K), 6 survivors (49152K)
 Metaspace       used 4319K, committed 4416K, reserved 1114112K
  class space    used 410K, committed 448K, reserved 1048576K
}
Event: 2.331 GC heap before
{Heap before GC invocations=16 (full 0):
 garbage-first heap   total 843776K, used 638778K [0x0000000475800000, 0x0000000800000000)
  region size 8192K, 61 young (499712K), 6 survivors (49152K)
 Metaspace       used 4319K, committed 4416K, reserved 1114112K
  class space    used 410K, committed 448K, reserved 1048576K
}
Event: 2.340 GC heap after
{Heap after GC invocations=17 (full 0):
 garbage-first heap   total 1212416K, used 209924K [0x0000000475800000, 0x0000000800000000)
  region size 8192K, 6 young (49152K), 6 survivors (49152K)
 Metaspace       used 4319K, committed 4416K, reserved 1114112K
  class space    used 410K, committed 448K, reserved 1048576K
}
Event: 2.722 GC heap before
{Heap before GC invocations=17 (full 0):
 garbage-first heap   total 1212416K, used 881668K [0x0000000475800000, 0x0000000800000000)
  region size 8192K, 88 young (720896K), 6 survivors (49152K)
 Metaspace       used 4319K, committed 4416K, reserved 1114112K
  class space    used 410K, committed 448K, reserved 1048576K
}
Event: 2.732 GC heap after
{Heap after GC invocations=18 (full 0):
 garbage-first heap   total 1212416K, used 241437K [0x0000000475800000, 0x0000000800000000)
  region size 8192K, 10 young (81920K), 10 survivors (81920K)
 Metaspace       used 4319K, committed 4416K, reserved 1114112K
  class space    used 410K, committed 448K, reserved 1048576K
}
Event: 3.007 GC heap before
{Heap before GC invocations=18 (full 0):
 garbage-first heap   total 1212416K, used 880413K [0x0000000475800000, 0x0000000800000000)
  region size 8192K, 88 young (720896K), 10 survivors (81920K)
 Metaspace       used 4319K, committed 4416K, reserved 1114112K
  class space    used 410K, committed 448K, reserved 1048576K
}
Event: 3.020 GC heap after
{Heap after GC invocations=19 (full 0):
 garbage-first heap   total 1212416K, used 273653K [0x0000000475800000, 0x0000000800000000)
  region size 8192K, 9 young (73728K), 9 survivors (73728K)
 Metaspace       used 4319K, committed 4416K, reserved 1114112K
  class space    used 410K, committed 448K, reserved 1048576K
}
Event: 3.272 GC heap before
{Heap before GC invocations=19 (full 0):
 garbage-first heap   total 1212416K, used 920821K [0x0000000475800000, 0x0000000800000000)
  region size 8192K, 88 young (720896K), 9 survivors (73728K)
 Metaspace       used 4319K, committed 4416K, reserved 1114112K
  class space    used 410K, committed 448K, reserved 1048576K
}
Event: 3.284 GC heap after
{Heap after GC invocations=20 (full 0):
 garbage-first heap   total 1212416K, used 303002K [0x0000000475800000, 0x0000000800000000)
  region size 8192K, 8 young (65536K), 8 survivors (65536K)
 Metaspace       used 4319K, committed 4416K, reserved 1114112K
  class space    used 410K, committed 448K, reserved 1048576K
}
Event: 3.531 GC heap before
{Heap before GC invocations=20 (full 0):
 garbage-first heap   total 1212416K, used 958362K [0x0000000475800000, 0x0000000800000000)
  region size 8192K, 88 young (720896K), 8 survivors (65536K)
 Metaspace       used 4319K, committed 4416K, reserved 1114112K
  class space    used 410K, committed 448K, reserved 1048576K
}
Event: 3.544 GC heap after
{Heap after GC invocations=21 (full 0):
 garbage-first heap   total 1679360K, used 337257K [0x0000000475800000, 0x0000000800000000)
  region size 8192K, 9 young (73728K), 9 survivors (73728K)
 Metaspace       used 4319K, committed 4416K, reserved 1114112K
  class space    used 410K, committed 448K, reserved 1048576K
}
Event: 4.035 GC heap before
{Heap before GC invocations=21 (full 0):
 garbage-first heap   total 1679360K, used 1271145K [0x0000000475800000, 0x0000000800000000)
  region size 8192K, 123 young (1007616K), 9 survivors (73728K)
 Metaspace       used 4319K, committed 4416K, reserved 1114112K
  class space    used 410K, committed 448K, reserved 1048576K
}
Event: 4.048 GC heap after
{Heap after GC invocations=22 (full 0):
 garbage-first heap   total 1679360K, used 379110K [0x0000000475800000, 0x0000000800000000)
  region size 8192K, 14 young (114688K), 14 survivors (114688K)
 Metaspace       used 4319K, committed 4416K, reserved 1114112K
  class space    used 410K, committed 448K, reserved 1048576K
}
Event: 4.403 GC heap before
{Heap before GC invocations=22 (full 0):
 garbage-first heap   total 1679360K, used 1272038K [0x0000000475800000, 0x0000000800000000)
  region size 8192K, 123 young (1007616K), 14 survivors (114688K)
 Metaspace       used 4319K, committed 4416K, reserved 1114112K
  class space    used 410K, committed 448K, reserved 1048576K
}
Event: 4.422 GC heap after
{Heap after GC invocations=23 (full 0):
 garbage-first heap   total 1679360K, used 421895K [0x0000000475800000, 0x0000000800000000)
  region size 8192K, 12 young (98304K), 12 survivors (98304K)
 Metaspace       used 4319K, committed 4416K, reserved 1114112K
  class space    used 410K, committed 448K, reserved 1048576K
}
Event: 4.786 GC heap before
{Heap before GC invocations=23 (full 0):
 garbage-first heap   total 1679360K, used 1331207K [0x0000000475800000, 0x0000000800000000)
  region size 8192K, 123 young (1007616K), 12 survivors (98304K)
 Metaspace       used 4319K, committed 4416K, reserved 1114112K
  class space    used 410K, committed 448K, reserved 1048576K
}
Event: 4.802 GC heap after
{Heap after GC invocations=24 (full 0):
 garbage-first heap   total 1679360K, used 465379K [0x0000000475800000, 0x0000000800000000)
  region size 8192K, 11 young (90112K), 11 survivors (90112K)
 Metaspace       used 4319K, committed 4416K, reserved 1114112K
  class space    used 410K, committed 448K, reserved 1048576K
}
Event: 5.190 GC heap before
{Heap before GC invocations=24 (full 0):
 garbage-first heap   total 1679360K, used 1382883K [0x0000000475800000, 0x0000000800000000)
  region size 8192K, 123 young (1007616K), 11 survivors (90112K)
 Metaspace       used 4319K, committed 4416K, reserved 1114112K
  class space    used 410K, committed 448K, reserved 1048576K
}
Event: 5.207 GC heap after
{Heap after GC invocations=25 (full 0):
 garbage-first heap   total 2203648K, used 509029K [0x0000000475800000, 0x0000000800000000)
  region size 8192K, 12 young (98304K), 12 survivors (98304K)
 Metaspace       used 4319K, committed 4416K, reserved 1114112K
  class space    used 410K, committed 448K, reserved 1048576K
}

Deoptimization events (20 events):
Event: 7.118 Thread 0x000001fa51480ca0 Uncommon trap: trap_request=0xffffff45 fr.pc=0x000001fa20118410 relative=0x0000000000000270
Event: 7.118 Thread 0x000001fa51480ca0 Uncommon trap: reason=unstable_if action=reinterpret pc=0x000001fa20118410 method=java.util.StringTokenizer.scanToken(I)I @ 42 c2
Event: 7.118 Thread 0x000001fa51480ca0 DEOPT PACKING pc=0x000001fa20118410 sp=0x000000deba1fd4e0
Event: 7.118 Thread 0x000001fa51480ca0 DEOPT UNPACKING pc=0x000001fa185723a3 sp=0x000000deba1fd470 mode 2
Event: 7.126 Thread 0x000001fa51480ca0 Uncommon trap: trap_request=0xffffff45 fr.pc=0x000001fa201cb904 relative=0x00000000000065a4
Event: 7.126 Thread 0x000001fa51480ca0 Uncommon trap: reason=unstable_if action=reinterpret pc=0x000001fa201cb904 method=sun.net.www.ParseUtil.firstEncodeIndex(Ljava/lang/String;)I @ 51 c2
Event: 7.126 Thread 0x000001fa51480ca0 DEOPT PACKING pc=0x000001fa201cb904 sp=0x000000deba1fe120
Event: 7.126 Thread 0x000001fa51480ca0 DEOPT UNPACKING pc=0x000001fa185723a3 sp=0x000000deba1fddf0 mode 2
Event: 7.721 Thread 0x000001fa51480ca0 Uncommon trap: trap_request=0xffffff45 fr.pc=0x000001fa201f631c relative=0x000000000000009c
Event: 7.721 Thread 0x000001fa51480ca0 Uncommon trap: reason=unstable_if action=reinterpret pc=0x000001fa201f631c method=java.awt.Component.inside(II)Z @ 1 c2
Event: 7.721 Thread 0x000001fa51480ca0 DEOPT PACKING pc=0x000001fa201f631c sp=0x000000deba1fe540
Event: 7.721 Thread 0x000001fa51480ca0 DEOPT UNPACKING pc=0x000001fa185723a3 sp=0x000000deba1fe3e0 mode 2
Event: 8.415 Thread 0x000001fa51316720 DEOPT PACKING pc=0x000001fa1905845e sp=0x000000debb6feed0
Event: 8.415 Thread 0x000001fa51316720 DEOPT UNPACKING pc=0x000001fa18572b43 sp=0x000000debb6fe3e8 mode 0
Event: 8.740 Thread 0x000001fa51480ca0 Uncommon trap: trap_request=0xffffff45 fr.pc=0x000001fa201f7b94 relative=0x0000000000000094
Event: 8.740 Thread 0x000001fa51480ca0 Uncommon trap: reason=unstable_if action=reinterpret pc=0x000001fa201f7b94 method=java.awt.Component.inside(II)Z @ 13 c2
Event: 8.740 Thread 0x000001fa51480ca0 DEOPT PACKING pc=0x000001fa201f7b94 sp=0x000000deba1fe620
Event: 8.740 Thread 0x000001fa51480ca0 DEOPT UNPACKING pc=0x000001fa185723a3 sp=0x000000deba1fe4c0 mode 2
Event: 10.387 Thread 0x000001fa51313700 DEOPT PACKING pc=0x000001fa19091282 sp=0x000000debb6ff160
Event: 10.388 Thread 0x000001fa51313700 DEOPT UNPACKING pc=0x000001fa18572b43 sp=0x000000debb6fe5f8 mode 0

Classes loaded (20 events):
Event: 8.385 Loading class sun/awt/image/BufImgSurfaceManager
Event: 8.386 Loading class sun/awt/image/BufImgSurfaceManager done
Event: 8.386 Loading class sun/awt/image/BufImgSurfaceData
Event: 8.386 Loading class sun/awt/image/BufImgSurfaceData done
Event: 8.386 Loading class sun/awt/image/BufImgSurfaceData$ICMColorData
Event: 8.386 Loading class sun/awt/image/BufImgSurfaceData$ICMColorData done
Event: 8.386 Loading class sun/java2d/loops/RenderLoops
Event: 8.386 Loading class sun/java2d/loops/RenderLoops done
Event: 8.386 Loading class sun/java2d/loops/DrawGlyphListColor
Event: 8.386 Loading class sun/java2d/loops/DrawGlyphListColor done
Event: 8.386 Loading class sun/java2d/loops/DrawGlyphListColor$General
Event: 8.386 Loading class sun/java2d/loops/DrawGlyphListColor$General done
Event: 8.386 Loading class sun/java2d/loops/Blit$GeneralMaskBlit
Event: 8.386 Loading class sun/java2d/loops/Blit$GeneralMaskBlit done
Event: 9.095 Loading class javax/swing/ClientPropertyKey
Event: 9.095 Loading class javax/swing/ClientPropertyKey done
Event: 9.095 Loading class javax/swing/ClientPropertyKey$1
Event: 9.096 Loading class sun/awt/AWTAccessor$ClientPropertyKeyAccessor
Event: 9.096 Loading class sun/awt/AWTAccessor$ClientPropertyKeyAccessor done
Event: 9.096 Loading class javax/swing/ClientPropertyKey$1 done

Classes unloaded (0 events):
No events

Classes redefined (0 events):
No events

Internal exceptions (20 events):
Event: 0.237 Thread 0x000001fa10bebca0 Exception <a 'java/lang/ClassNotFoundException'{0x00000004856bd078}: com/sun/swing/internal/plaf/basic/resources/spi/basicProvider> (0x00000004856bd078) 
thrown [s\open\src\hotspot\share\classfile\systemDictionary.cpp, line 255]
Event: 1.048 Thread 0x000001fa499dc980 Exception <a 'java/lang/NoSuchMethodError'{0x0000000491c5fc80}: 'java.lang.Object java.lang.invoke.Invokers$Holder.invokeExact_MT(java.lang.Object, java.lang.Object, java.lang.Object, java.lang.Object, java.lang.Object, java.lang.Object)'> (0x0000000491c5fc80) 
thrown [s\open\src\hotspot\share\interpreter\linkResolver.cpp, line 766]
Event: 5.942 Thread 0x000001fa10bebca0 Exception <a 'java/lang/NoSuchMethodError'{0x00000004c0c5cba0}: 'java.lang.Object java.lang.invoke.DirectMethodHandle$Holder.invokeSpecial(java.lang.Object, java.lang.Object, int, double)'> (0x00000004c0c5cba0) 
thrown [s\open\src\hotspot\share\interpreter\linkResolver.cpp, line 766]
Event: 6.018 Thread 0x000001fa10bebca0 Exception <a 'java/lang/NoSuchMethodError'{0x00000004bc280cb0}: 'void java.lang.invoke.DirectMethodHandle$Holder.invokeStatic(java.lang.Object, java.lang.Object, int)'> (0x00000004bc280cb0) 
thrown [s\open\src\hotspot\share\interpreter\linkResolver.cpp, line 766]
Event: 6.019 Thread 0x000001fa10bebca0 Exception <a 'java/lang/NoSuchMethodError'{0x00000004bc286678}: 'java.lang.Object java.lang.invoke.DirectMethodHandle$Holder.newInvokeSpecial(java.lang.Object, java.lang.Object, int)'> (0x00000004bc286678) 
thrown [s\open\src\hotspot\share\interpreter\linkResolver.cpp, line 766]
Event: 6.171 Thread 0x000001fa51480ca0 Exception <a 'java/lang/NoSuchMethodError'{0x00000004bc4c5dc0}: 'int java.lang.invoke.Invokers$Holder.invokeExact_MT(java.lang.Object, java.lang.Object)'> (0x00000004bc4c5dc0) 
thrown [s\open\src\hotspot\share\interpreter\linkResolver.cpp, line 766]
Event: 6.176 Thread 0x000001fa51480ca0 Exception <a 'java/lang/NoSuchMethodError'{0x00000004bc4d73d8}: 'java.lang.Object java.lang.invoke.DirectMethodHandle$Holder.newInvokeSpecial(java.lang.Object, java.lang.Object, java.lang.Object, int)'> (0x00000004bc4d73d8) 
thrown [s\open\src\hotspot\share\interpreter\linkResolver.cpp, line 766]
Event: 6.176 Thread 0x000001fa51480ca0 Exception <a 'java/lang/NoSuchMethodError'{0x00000004bc4db7c0}: 'java.lang.Object java.lang.invoke.DirectMethodHandle$Holder.invokeSpecial(java.lang.Object, java.lang.Object, java.lang.Object, java.lang.Object, int)'> (0x00000004bc4db7c0) 
thrown [s\open\src\hotspot\share\interpreter\linkResolver.cpp, line 766]
Event: 6.176 Thread 0x000001fa51480ca0 Exception <a 'java/lang/NoSuchMethodError'{0x00000004bc4df388}: 'java.lang.Object java.lang.invoke.Invokers$Holder.linkToTargetMethod(java.lang.Object, java.lang.Object, int, java.lang.Object)'> (0x00000004bc4df388) 
thrown [s\open\src\hotspot\share\interpreter\linkResolver.cpp, line 766]
Event: 6.188 Thread 0x000001fa51480ca0 Exception <a 'java/lang/NoSuchMethodError'{0x00000004bc5cb278}: 'int java.lang.invoke.DirectMethodHandle$Holder.invokeStaticInit(java.lang.Object, java.lang.Object, java.lang.Object, java.lang.Object)'> (0x00000004bc5cb278) 
thrown [s\open\src\hotspot\share\interpreter\linkResolver.cpp, line 766]
Event: 6.189 Thread 0x000001fa51480ca0 Exception <a 'java/lang/NoSuchMethodError'{0x00000004bc5d4cd0}: 'java.lang.Object java.lang.invoke.DirectMethodHandle$Holder.invokeInterface(java.lang.Object, java.lang.Object)'> (0x00000004bc5d4cd0) 
thrown [s\open\src\hotspot\share\interpreter\linkResolver.cpp, line 766]
Event: 6.189 Thread 0x000001fa51480ca0 Exception <a 'java/lang/IncompatibleClassChangeError'{0x00000004bc5d84c0}: Found class java.lang.Object, but interface was expected> (0x00000004bc5d84c0) 
thrown [s\open\src\hotspot\share\interpreter\linkResolver.cpp, line 833]
Event: 6.189 Thread 0x000001fa51480ca0 Exception <a 'java/lang/NoSuchMethodError'{0x00000004bc5db850}: 'void java.lang.invoke.DirectMethodHandle$Holder.invokeStaticInit(java.lang.Object, java.lang.Object)'> (0x00000004bc5db850) 
thrown [s\open\src\hotspot\share\interpreter\linkResolver.cpp, line 766]
Event: 6.190 Thread 0x000001fa51480ca0 Exception <a 'java/lang/NoSuchMethodError'{0x00000004bc5e18b0}: 'int java.lang.invoke.DirectMethodHandle$Holder.invokeStaticInit(java.lang.Object, java.lang.Object)'> (0x00000004bc5e18b0) 
thrown [s\open\src\hotspot\share\interpreter\linkResolver.cpp, line 766]
Event: 7.102 Thread 0x000001fa50d31d10 Exception <a 'java/lang/NoSuchMethodError'{0x00000004bb808cb0}: 'void java.lang.invoke.DirectMethodHandle$Holder.invokeVirtual(java.lang.Object, java.lang.Object)'> (0x00000004bb808cb0) 
thrown [s\open\src\hotspot\share\interpreter\linkResolver.cpp, line 766]
Event: 7.110 Thread 0x000001fa51480ca0 Exception <a 'java/lang/NoSuchMethodError'{0x00000004b9b28ed0}: 'void java.lang.invoke.DirectMethodHandle$Holder.invokeStaticInit(java.lang.Object)'> (0x00000004b9b28ed0) 
thrown [s\open\src\hotspot\share\interpreter\linkResolver.cpp, line 766]
Event: 7.116 Thread 0x000001fa51480ca0 Exception <a 'java/io/FileNotFoundException'{0x00000004b9b360a0}> (0x00000004b9b360a0) 
thrown [s\open\src\hotspot\share\prims\jni.cpp, line 516]
Event: 8.201 Thread 0x000001fa51480ca0 Exception <a 'java/lang/NoSuchMethodError'{0x00000004b9417d28}: 'void java.lang.invoke.DirectMethodHandle$Holder.invokeSpecial(java.lang.Object, java.lang.Object, int)'> (0x00000004b9417d28) 
thrown [s\open\src\hotspot\share\interpreter\linkResolver.cpp, line 766]
Event: 10.078 Thread 0x000001fa51316720 Exception <a 'java/lang/InterruptedException'{0x00000004b8feef70}> (0x00000004b8feef70) 
thrown [s\open\src\hotspot\share\runtime\objectMonitor.cpp, line 1661]
Event: 12.405 Thread 0x000001fa51313700 Exception <a 'java/lang/InterruptedException'{0x00000004b763d940}> (0x00000004b763d940) 
thrown [s\open\src\hotspot\share\runtime\objectMonitor.cpp, line 1661]

VM Operations (20 events):
Event: 7.130 Executing VM operation: HandshakeAllThreads
Event: 7.130 Executing VM operation: HandshakeAllThreads done
Event: 7.130 Executing VM operation: HandshakeAllThreads
Event: 7.130 Executing VM operation: HandshakeAllThreads done
Event: 7.174 Executing VM operation: HandshakeAllThreads
Event: 7.174 Executing VM operation: HandshakeAllThreads done
Event: 7.189 Executing VM operation: ICBufferFull
Event: 7.189 Executing VM operation: ICBufferFull done
Event: 8.197 Executing VM operation: Cleanup
Event: 8.197 Executing VM operation: Cleanup done
Event: 8.381 Executing VM operation: HandshakeAllThreads
Event: 8.381 Executing VM operation: HandshakeAllThreads done
Event: 9.383 Executing VM operation: Cleanup
Event: 9.383 Executing VM operation: Cleanup done
Event: 10.396 Executing VM operation: Cleanup
Event: 10.396 Executing VM operation: Cleanup done
Event: 11.397 Executing VM operation: Cleanup
Event: 11.397 Executing VM operation: Cleanup done
Event: 12.398 Executing VM operation: Cleanup
Event: 12.398 Executing VM operation: Cleanup done

Events (20 events):
Event: 6.502 Loaded shared library C:\Users\15498\.javacpp\cache\ffmpeg-windows-x86_64.jar\org\bytedeco\ffmpeg\windows-x86_64\avfilter-9.dll
Event: 6.507 Loaded shared library C:\Users\15498\.javacpp\cache\ffmpeg-windows-x86_64.jar\org\bytedeco\ffmpeg\windows-x86_64\jniavfilter.dll
Event: 6.516 Loaded shared library C:\Users\15498\.javacpp\cache\ffmpeg-windows-x86_64.jar\org\bytedeco\ffmpeg\windows-x86_64\avdevice-60.dll
Event: 6.520 Loaded shared library C:\Users\15498\.javacpp\cache\ffmpeg-windows-x86_64.jar\org\bytedeco\ffmpeg\windows-x86_64\jniavdevice.dll
Event: 6.564 Loaded shared library C:\Program Files\Java\jdk-18.0.1.1\bin\jsound.dll
Event: 6.674 Thread 0x000001fa595fdf20 Thread exited: 0x000001fa595fdf20
Event: 6.684 Thread 0x000001fa51314a40 Thread added: 0x000001fa51314a40
Event: 7.098 Thread 0x000001fa5656e010 Thread exited: 0x000001fa5656e010
Event: 7.098 Thread 0x000001fa5656db10 Thread exited: 0x000001fa5656db10
Event: 7.098 Thread 0x000001fa562b0b70 Thread exited: 0x000001fa562b0b70
Event: 7.113 Loaded shared library C:\Program Files\Java\jdk-18.0.1.1\bin\freetype.dll
Event: 7.114 Loaded shared library C:\Program Files\Java\jdk-18.0.1.1\bin\fontmanager.dll
Event: 7.153 Thread 0x000001fa513158b0 Thread added: 0x000001fa513158b0
Event: 7.532 Thread 0x000001fa55f529d0 Thread exited: 0x000001fa55f529d0
Event: 8.202 Thread 0x000001fa51316720 Thread added: 0x000001fa51316720
Event: 10.078 Thread 0x000001fa51316720 Thread exited: 0x000001fa51316720
Event: 10.078 Thread 0x000001fa51316720 Thread added: 0x000001fa51316720
Event: 10.078 Thread 0x000001fa51316720 Thread exited: 0x000001fa51316720
Event: 10.098 Thread 0x000001fa51313700 Thread added: 0x000001fa51313700
Event: 12.405 Thread 0x000001fa51313bd0 Thread added: 0x000001fa51313bd0


Dynamic libraries:
0x00007ff6feeb0000 - 0x00007ff6feec0000 	C:\Program Files\Java\jdk-18.0.1.1\bin\java.exe
0x00007ffc52a90000 - 0x00007ffc52ca7000 	C:\WINDOWS\SYSTEM32\ntdll.dll
0x00007ffc51da0000 - 0x00007ffc51e64000 	C:\WINDOWS\System32\KERNEL32.DLL
0x00007ffc4fe00000 - 0x00007ffc501a5000 	C:\WINDOWS\System32\KERNELBASE.dll
0x00007ffc502d0000 - 0x00007ffc503e1000 	C:\WINDOWS\System32\ucrtbase.dll
0x00007ffc32ba0000 - 0x00007ffc32bb8000 	C:\Program Files\Java\jdk-18.0.1.1\bin\jli.dll
0x00007ffc49e80000 - 0x00007ffc49e9a000 	C:\Program Files\Java\jdk-18.0.1.1\bin\VCRUNTIME140.dll
0x00007ffc528a0000 - 0x00007ffc52951000 	C:\WINDOWS\System32\ADVAPI32.dll
0x00007ffc525c0000 - 0x00007ffc52667000 	C:\WINDOWS\System32\msvcrt.dll
0x00007ffc51b20000 - 0x00007ffc51bc6000 	C:\WINDOWS\System32\sechost.dll
0x00007ffc515b0000 - 0x00007ffc516c7000 	C:\WINDOWS\System32\RPCRT4.dll
0x00007ffc50890000 - 0x00007ffc50a3e000 	C:\WINDOWS\System32\USER32.dll
0x00007ffc50490000 - 0x00007ffc504b6000 	C:\WINDOWS\System32\win32u.dll
0x00007ffc42bf0000 - 0x00007ffc42e83000 	C:\WINDOWS\WinSxS\amd64_microsoft.windows.common-controls_6595b64144ccf1df_6.0.22621.2506_none_270c5ae97388e100\COMCTL32.dll
0x00007ffc51580000 - 0x00007ffc515a9000 	C:\WINDOWS\System32\GDI32.dll
0x00007ffc501b0000 - 0x00007ffc502c9000 	C:\WINDOWS\System32\gdi32full.dll
0x00007ffc503f0000 - 0x00007ffc5048a000 	C:\WINDOWS\System32\msvcp_win.dll
0x00007ffc48670000 - 0x00007ffc4867a000 	C:\WINDOWS\SYSTEM32\VERSION.dll
0x00007ffc507f0000 - 0x00007ffc50821000 	C:\WINDOWS\System32\IMM32.DLL
0x00007ffc4cc10000 - 0x00007ffc4cc1c000 	C:\Program Files\Java\jdk-18.0.1.1\bin\vcruntime140_1.dll
0x00007ffc08d60000 - 0x00007ffc08ded000 	C:\Program Files\Java\jdk-18.0.1.1\bin\msvcp140.dll
0x00007ffc02750000 - 0x00007ffc03360000 	C:\Program Files\Java\jdk-18.0.1.1\bin\server\jvm.dll
0x00007ffc50880000 - 0x00007ffc50888000 	C:\WINDOWS\System32\PSAPI.DLL
0x00007ffbf3e50000 - 0x00007ffbf3e59000 	C:\WINDOWS\SYSTEM32\WSOCK32.dll
0x00007ffc44820000 - 0x00007ffc44854000 	C:\WINDOWS\SYSTEM32\WINMM.dll
0x00007ffc51d20000 - 0x00007ffc51d91000 	C:\WINDOWS\System32\WS2_32.dll
0x00007ffc4ee90000 - 0x00007ffc4eea8000 	C:\WINDOWS\SYSTEM32\kernel.appcore.dll
0x00007ffc32b90000 - 0x00007ffc32b9a000 	C:\Program Files\Java\jdk-18.0.1.1\bin\jimage.dll
0x00007ffc4e3c0000 - 0x00007ffc4e5f3000 	C:\WINDOWS\SYSTEM32\DBGHELP.DLL
0x00007ffc51790000 - 0x00007ffc51b19000 	C:\WINDOWS\System32\combase.dll
0x00007ffc52420000 - 0x00007ffc524f7000 	C:\WINDOWS\System32\OLEAUT32.dll
0x00007ffc3bd40000 - 0x00007ffc3bd72000 	C:\WINDOWS\SYSTEM32\dbgcore.DLL
0x00007ffc504c0000 - 0x00007ffc5053a000 	C:\WINDOWS\System32\bcryptPrimitives.dll
0x00007ffc32b80000 - 0x00007ffc32b8e000 	C:\Program Files\Java\jdk-18.0.1.1\bin\instrument.dll
0x00007ffc15780000 - 0x00007ffc157a5000 	C:\Program Files\Java\jdk-18.0.1.1\bin\java.dll
0x00007ffc06350000 - 0x00007ffc06426000 	C:\Program Files\Java\jdk-18.0.1.1\bin\jsvml.dll
0x00007ffc50d20000 - 0x00007ffc51579000 	C:\WINDOWS\System32\SHELL32.dll
0x00007ffc4d9a0000 - 0x00007ffc4e294000 	C:\WINDOWS\SYSTEM32\windows.storage.dll
0x00007ffc4d860000 - 0x00007ffc4d99e000 	C:\WINDOWS\SYSTEM32\wintypes.dll
0x00007ffc52320000 - 0x00007ffc52413000 	C:\WINDOWS\System32\SHCORE.dll
0x00007ffc52500000 - 0x00007ffc5255e000 	C:\WINDOWS\System32\shlwapi.dll
0x00007ffc4fd30000 - 0x00007ffc4fd56000 	C:\WINDOWS\SYSTEM32\profapi.dll
0x00007ffc155b0000 - 0x00007ffc155c8000 	C:\Program Files\Java\jdk-18.0.1.1\bin\zip.dll
0x00007ffc15760000 - 0x00007ffc15773000 	C:\Program Files\Java\jdk-18.0.1.1\bin\net.dll
0x00007ffc49410000 - 0x00007ffc49547000 	C:\WINDOWS\SYSTEM32\WINHTTP.dll
0x00007ffc4f370000 - 0x00007ffc4f3d9000 	C:\WINDOWS\system32\mswsock.dll
0x00007ffc15740000 - 0x00007ffc15756000 	C:\Program Files\Java\jdk-18.0.1.1\bin\nio.dll
0x00007ffc148f0000 - 0x00007ffc1490a000 	D:\IntelliJ IDEA Community Edition 2022.3.2\bin\breakgen64.dll
0x00007ffc025c0000 - 0x00007ffc0274f000 	C:\Program Files\Java\jdk-18.0.1.1\bin\awt.dll
0x00007ffc4cc20000 - 0x00007ffc4ccb7000 	C:\WINDOWS\SYSTEM32\apphelp.dll
0x00007ffc4cde0000 - 0x00007ffc4ce8b000 	C:\WINDOWS\system32\uxtheme.dll
0x00007ffbfd5d0000 - 0x00007ffbfd709000 	C:\ProgramData\A-Volute\A-Volute.Nahimic\Modules\Scheduled\x64\AudioDevProps2.dll
0x00007ffc52700000 - 0x00007ffc528a0000 	C:\WINDOWS\System32\ole32.dll
0x00007ffc51bd0000 - 0x00007ffc51d1f000 	C:\WINDOWS\System32\MSCTF.dll
0x00007ffc4d050000 - 0x00007ffc4d07b000 	C:\WINDOWS\system32\DWMAPI.DLL
0x00007ffc19780000 - 0x00007ffc19790000 	C:\Program Files\Java\jdk-18.0.1.1\bin\verify.dll
0x00007ffbef970000 - 0x00007ffbefa70000 	C:\WINDOWS\system32\opengl32.dll
0x00007ffc16c90000 - 0x00007ffc16cbd000 	C:\WINDOWS\SYSTEM32\GLU32.dll
0x00007ffc4cef0000 - 0x00007ffc4cf26000 	C:\WINDOWS\SYSTEM32\dxcore.dll
0x00007ffbe5cd0000 - 0x00007ffbe5e79000 	C:\WINDOWS\system32\d3d9.dll
0x00007ffc44860000 - 0x00007ffc4491c000 	C:\WINDOWS\System32\DriverStore\FileRepository\nvlti.inf_amd64_cd104bdf9db1a8f3\nvldumdx.dll
0x00007ffc4fb20000 - 0x00007ffc4fb32000 	C:\WINDOWS\SYSTEM32\msasn1.dll
0x00007ffc48d10000 - 0x00007ffc48d42000 	C:\WINDOWS\SYSTEM32\cryptnet.dll
0x00007ffc50670000 - 0x00007ffc507d6000 	C:\WINDOWS\System32\CRYPT32.dll
0x00007ffc48a60000 - 0x00007ffc48bb8000 	C:\WINDOWS\SYSTEM32\drvstore.dll
0x00007ffc4faa0000 - 0x00007ffc4facc000 	C:\WINDOWS\SYSTEM32\devobj.dll
0x00007ffc4fad0000 - 0x00007ffc4fb1e000 	C:\WINDOWS\SYSTEM32\cfgmgr32.dll
0x00007ffc4f670000 - 0x00007ffc4f6bb000 	C:\WINDOWS\SYSTEM32\wldp.dll
0x00007ffc4f5c0000 - 0x00007ffc4f5cc000 	C:\WINDOWS\SYSTEM32\cryptbase.dll
0x00007ffc50600000 - 0x00007ffc5066c000 	C:\WINDOWS\System32\wintrust.dll
0x00007ffc50a40000 - 0x00007ffc50a5f000 	C:\WINDOWS\System32\imagehlp.dll
0x00007ffc4f5d0000 - 0x00007ffc4f5eb000 	C:\WINDOWS\SYSTEM32\CRYPTSP.dll
0x00007ffc4ee50000 - 0x00007ffc4ee85000 	C:\WINDOWS\system32\rsaenh.dll
0x00007ffc4f790000 - 0x00007ffc4f7b8000 	C:\WINDOWS\SYSTEM32\bcrypt.dll
0x00007ffc3ec80000 - 0x00007ffc40e6d000 	C:\WINDOWS\System32\DriverStore\FileRepository\nvlti.inf_amd64_cd104bdf9db1a8f3\nvgpucomp64.dll
0x00007ffb95890000 - 0x00007ffb98254000 	C:\WINDOWS\System32\DriverStore\FileRepository\nvlti.inf_amd64_cd104bdf9db1a8f3\nvd3dumx.dll
0x00007ffc49090000 - 0x00007ffc490da000 	C:\WINDOWS\SYSTEM32\directxdatabasehelper.dll
0x00007ffc08860000 - 0x00007ffc08b31000 	C:\WINDOWS\system32\nvspcap64.dll
0x00007ffc4ef10000 - 0x00007ffc4ef44000 	C:\WINDOWS\SYSTEM32\ntmarta.dll
0x00007ffc4f400000 - 0x00007ffc4f426000 	C:\WINDOWS\SYSTEM32\gpapi.dll
0x000001fa51b50000 - 0x000001fa51b53000 	C:\Program Files\Java\jdk-18.0.1.1\bin\api-ms-win-crt-locale-l1-1-0.dll
0x000001fa51b60000 - 0x000001fa51b64000 	C:\Program Files\Java\jdk-18.0.1.1\bin\api-ms-win-crt-string-l1-1-0.dll
0x000001fa58c50000 - 0x000001fa58c54000 	C:\Program Files\Java\jdk-18.0.1.1\bin\api-ms-win-crt-stdio-l1-1-0.dll
0x000001fa58c60000 - 0x000001fa58c65000 	C:\Program Files\Java\jdk-18.0.1.1\bin\api-ms-win-crt-math-l1-1-0.dll
0x000001fa58c70000 - 0x000001fa58c73000 	C:\Program Files\Java\jdk-18.0.1.1\bin\api-ms-win-crt-heap-l1-1-0.dll
0x000001fa58c80000 - 0x000001fa58c84000 	C:\Program Files\Java\jdk-18.0.1.1\bin\api-ms-win-crt-runtime-l1-1-0.dll
0x000001fa58c90000 - 0x000001fa58c94000 	C:\Program Files\Java\jdk-18.0.1.1\bin\api-ms-win-crt-convert-l1-1-0.dll
0x000001fa58ca0000 - 0x000001fa58ca3000 	C:\Program Files\Java\jdk-18.0.1.1\bin\api-ms-win-crt-environment-l1-1-0.dll
0x000001fa58cb0000 - 0x000001fa58cb3000 	C:\Program Files\Java\jdk-18.0.1.1\bin\api-ms-win-crt-time-l1-1-0.dll
0x000001fa58cc0000 - 0x000001fa58cc3000 	C:\Program Files\Java\jdk-18.0.1.1\bin\api-ms-win-crt-filesystem-l1-1-0.dll
0x000001fa58cd0000 - 0x000001fa58cd3000 	C:\Program Files\Java\jdk-18.0.1.1\bin\api-ms-win-crt-utility-l1-1-0.dll
0x000001fa58ce0000 - 0x000001fa58ce5000 	C:\Program Files\Java\jdk-18.0.1.1\bin\api-ms-win-crt-multibyte-l1-1-0.dll
0x000001fa58cf0000 - 0x000001fa58cf3000 	C:\Program Files\Java\jdk-18.0.1.1\bin\api-ms-win-crt-conio-l1-1-0.dll
0x000001fa58d00000 - 0x000001fa58d10000 	C:\Program Files\Java\jdk-18.0.1.1\bin\api-ms-win-crt-private-l1-1-0.dll
0x000001fa58d10000 - 0x000001fa58d13000 	C:\Program Files\Java\jdk-18.0.1.1\bin\api-ms-win-crt-process-l1-1-0.dll
0x000001fa58d20000 - 0x000001fa58d23000 	C:\Program Files\Java\jdk-18.0.1.1\bin\api-ms-win-core-console-l1-2-0.dll
0x000001fa58d30000 - 0x000001fa58d33000 	C:\Program Files\Java\jdk-18.0.1.1\bin\api-ms-win-core-string-l1-1-0.dll
0x000001fa58d40000 - 0x000001fa58d43000 	C:\Program Files\Java\jdk-18.0.1.1\bin\api-ms-win-core-errorhandling-l1-1-0.dll
0x000001fa58d50000 - 0x000001fa58d53000 	C:\Program Files\Java\jdk-18.0.1.1\bin\api-ms-win-core-timezone-l1-1-0.dll
0x000001fa58d60000 - 0x000001fa58d64000 	C:\Program Files\Java\jdk-18.0.1.1\bin\api-ms-win-core-file-l1-1-0.dll
0x000001fa58d70000 - 0x000001fa58d73000 	C:\Program Files\Java\jdk-18.0.1.1\bin\api-ms-win-core-namedpipe-l1-1-0.dll
0x000001fa58d80000 - 0x000001fa58d83000 	C:\Program Files\Java\jdk-18.0.1.1\bin\api-ms-win-core-handle-l1-1-0.dll
0x000001fa59d60000 - 0x000001fa59d63000 	C:\Program Files\Java\jdk-18.0.1.1\bin\api-ms-win-core-file-l2-1-0.dll
0x000001fa59d70000 - 0x000001fa59d73000 	C:\Program Files\Java\jdk-18.0.1.1\bin\api-ms-win-core-heap-l1-1-0.dll
0x000001fa59d80000 - 0x000001fa59d83000 	C:\Program Files\Java\jdk-18.0.1.1\bin\api-ms-win-core-libraryloader-l1-1-0.dll
0x000001fa59d90000 - 0x000001fa59d93000 	C:\Program Files\Java\jdk-18.0.1.1\bin\api-ms-win-core-synch-l1-1-0.dll
0x000001fa59da0000 - 0x000001fa59da3000 	C:\Program Files\Java\jdk-18.0.1.1\bin\api-ms-win-core-processthreads-l1-1-0.dll
0x000001fa59db0000 - 0x000001fa59db3000 	C:\Program Files\Java\jdk-18.0.1.1\bin\api-ms-win-core-processenvironment-l1-1-0.dll
0x000001fa59dc0000 - 0x000001fa59dc3000 	C:\Program Files\Java\jdk-18.0.1.1\bin\api-ms-win-core-datetime-l1-1-0.dll
0x000001fa59dd0000 - 0x000001fa59dd3000 	C:\Program Files\Java\jdk-18.0.1.1\bin\api-ms-win-core-localization-l1-2-0.dll
0x000001fa59de0000 - 0x000001fa59de3000 	C:\Program Files\Java\jdk-18.0.1.1\bin\api-ms-win-core-sysinfo-l1-1-0.dll
0x000001fa59df0000 - 0x000001fa59df3000 	C:\Program Files\Java\jdk-18.0.1.1\bin\api-ms-win-core-synch-l1-2-0.dll
0x000001fa59e00000 - 0x000001fa59e03000 	C:\Program Files\Java\jdk-18.0.1.1\bin\api-ms-win-core-console-l1-1-0.dll
0x000001fa59e10000 - 0x000001fa59e13000 	C:\Program Files\Java\jdk-18.0.1.1\bin\api-ms-win-core-debug-l1-1-0.dll
0x000001fa59e20000 - 0x000001fa59e23000 	C:\Program Files\Java\jdk-18.0.1.1\bin\api-ms-win-core-rtlsupport-l1-1-0.dll
0x000001fa59e30000 - 0x000001fa59e33000 	C:\Program Files\Java\jdk-18.0.1.1\bin\api-ms-win-core-processthreads-l1-1-1.dll
0x000001fa59e40000 - 0x000001fa59e43000 	C:\Program Files\Java\jdk-18.0.1.1\bin\api-ms-win-core-file-l1-2-0.dll
0x000001fa59e50000 - 0x000001fa59e53000 	C:\Program Files\Java\jdk-18.0.1.1\bin\api-ms-win-core-profile-l1-1-0.dll
0x000001fa59e60000 - 0x000001fa59e63000 	C:\Program Files\Java\jdk-18.0.1.1\bin\api-ms-win-core-memory-l1-1-0.dll
0x000001fa59e70000 - 0x000001fa59e73000 	C:\Program Files\Java\jdk-18.0.1.1\bin\api-ms-win-core-util-l1-1-0.dll
0x000001fa59e80000 - 0x000001fa59e83000 	C:\Program Files\Java\jdk-18.0.1.1\bin\api-ms-win-core-interlocked-l1-1-0.dll
0x00007ffc06100000 - 0x00007ffc061fa000 	C:\Program Files\Java\jdk-18.0.1.1\bin\ucrtbase.dll
0x00007ffc16350000 - 0x00007ffc16359000 	C:\Windows\System32\msvcp140_1.dll
0x00007ffc08d10000 - 0x00007ffc08d5e000 	C:\Windows\System32\concrt140.dll
0x00007ffc0a1d0000 - 0x00007ffc0a201000 	C:\Windows\System32\vcomp140.dll
0x00007ffc02380000 - 0x00007ffc025b2000 	C:\Users\15498\.javacpp\cache\ffmpeg-windows-x86_64.jar\org\bytedeco\ffmpeg\windows-x86_64\avutil-58.dll
0x00007ffc02260000 - 0x00007ffc02380000 	C:\Users\15498\.javacpp\cache\ffmpeg-windows-x86_64.jar\org\bytedeco\ffmpeg\windows-x86_64\jniavutil.dll
0x00007ffc0ac20000 - 0x00007ffc0ac48000 	C:\Users\15498\.javacpp\cache\ffmpeg-windows-x86_64.jar\org\bytedeco\ffmpeg\windows-x86_64\swresample-4.dll

dbghelp: loaded successfully - version: 4.0.5 - missing functions: none
symbol engine: initialized successfully - sym options: 0x614 - pdb path: .;C:\Program Files\Java\jdk-18.0.1.1\bin;C:\WINDOWS\SYSTEM32;C:\WINDOWS\WinSxS\amd64_microsoft.windows.common-controls_6595b64144ccf1df_6.0.22621.2506_none_270c5ae97388e100;C:\Program Files\Java\jdk-18.0.1.1\bin\server;D:\IntelliJ IDEA Community Edition 2022.3.2\bin;C:\ProgramData\A-Volute\A-Volute.Nahimic\Modules\Scheduled\x64;C:\WINDOWS\System32\DriverStore\FileRepository\nvlti.inf_amd64_cd104bdf9db1a8f3;C:\Users\15498\.javacpp\cache\ffmpeg-windows-x86_64.jar\org\bytedeco\ffmpeg\windows-x86_64

VM Arguments:
jvm_args: -Xmx14500m -javaagent:D:\IntelliJ IDEA Community Edition 2022.3.2\lib\idea_rt.jar=6023:D:\IntelliJ IDEA Community Edition 2022.3.2\bin -Dfile.encoding=UTF-8 -Dsun.stdout.encoding=UTF-8 -Dsun.stderr.encoding=UTF-8 
java_command: org.example.Main
java_class_path (initial): D:\USC\CSCI576\CSCI576Project\Project\target\classes;D:\USC\CSCI576\CSCI576Project\Project\ffmpeg.jar;D:\USC\CSCI576\CSCI576Project\Project\ffmpeg-windows-x86_64.jar;D:\USC\CSCI576\CSCI576Project\Project\javacpp.jar;D:\USC\CSCI576\CSCI576Project\Project\javacv.jar;D:\USC\CSCI576\CSCI576Project\Project\opencv-windows-x86_64.jar;D:\USC\CSCI576\CSCI576Project\Project\opencv.jar;D:\USC\CSCI576\CSCI576Project\Project\openblas-windows-x86_64.jar;D:\USC\CSCI576\CSCI576Project\Project\JTransforms-3.1-with-dependencies.jar;D:\USC\CSCI576\CSCI576Project\Project\mysql-connector-java-5.1.49.jar
Launcher Type: SUN_STANDARD

[Global flags]
     intx CICompilerCount                          = 12                                        {product} {ergonomic}
     uint ConcGCThreads                            = 3                                         {product} {ergonomic}
     uint G1ConcRefinementThreads                  = 13                                        {product} {ergonomic}
   size_t G1HeapRegionSize                         = 8388608                                   {product} {ergonomic}
    uintx GCDrainStackTargetSize                   = 64                                        {product} {ergonomic}
   size_t InitialHeapSize                          = 268435456                                 {product} {ergonomic}
   size_t MarkStackSize                            = 4194304                                   {product} {ergonomic}
   size_t MaxHeapSize                              = 15208546304                               {product} {command line, ergonomic}
   size_t MaxNewSize                               = 9118416896                                {product} {ergonomic}
   size_t MinHeapDeltaBytes                        = 8388608                                   {product} {ergonomic}
   size_t MinHeapSize                              = 8388608                                   {product} {ergonomic}
    uintx NonNMethodCodeHeapSize                   = 7602480                                {pd product} {ergonomic}
    uintx NonProfiledCodeHeapSize                  = 122027880                              {pd product} {ergonomic}
    uintx ProfiledCodeHeapSize                     = 122027880                              {pd product} {ergonomic}
    uintx ReservedCodeCacheSize                    = 251658240                              {pd product} {ergonomic}
     bool SegmentedCodeCache                       = true                                      {product} {ergonomic}
   size_t SoftMaxHeapSize                          = 15208546304                            {manageable} {ergonomic}
     bool UseCompressedClassPointers               = true                           {product lp64_product} {ergonomic}
     bool UseCompressedOops                        = true                           {product lp64_product} {ergonomic}
     bool UseG1GC                                  = true                                      {product} {ergonomic}
     bool UseLargePagesIndividualAllocation        = false                                  {pd product} {ergonomic}

Logging:
Log output configuration:
 #0: stdout all=warning uptime,level,tags foldmultilines=false
 #1: stderr all=off uptime,level,tags foldmultilines=false

Environment Variables:
PATH=D:\linux\bin\;C:\Program Files\Common Files\Oracle\Java\javapath;C:\Program Files (x86)\Common Files\Oracle\Java\javapath;C:\Windows\system32;C:\Windows;C:\Windows\System32\Wbem;C:\Windows\System32\WindowsPowerShell\v1.0\;C:\Windows\System32\OpenSSH\;C:\Program Files\Bandizip\;C:\WINDOWS\system32;C:\WINDOWS;C:\WINDOWS\System32\Wbem;C:\WINDOWS\System32\WindowsPowerShell\v1.0\;C:\WINDOWS\System32\OpenSSH\;C:\Program Files (x86)\NVIDIA Corporation\PhysX\Common;C:\Program Files\NVIDIA Corporation\NVIDIA NvDLISR;D:\Git\cmd;C:\Users\15498\AppData\Local\Microsoft\WindowsApps;D:\Microsoft VS Code\bin;D:\IntelliJ IDEA Community Edition 2022.3.2\bin;;D:\mysql\bin;
USERNAME=15498
OS=Windows_NT
PROCESSOR_IDENTIFIER=AMD64 Family 25 Model 80 Stepping 0, AuthenticAMD



---------------  S Y S T E M  ---------------

OS:
 Windows 11 , 64 bit Build 22621 (10.0.22621.2506)
OS uptime: 0 days 6:49 hours

CPU: total 16 (initial active 16) (16 cores per cpu, 2 threads per core) family 25 model 80 stepping 0 microcode 0x0, cx8, cmov, fxsr, ht, mmx, 3dnowpref, sse, sse2, sse3, ssse3, sse4a, sse4.1, sse4.2, popcnt, lzcnt, tsc, tscinvbit, avx, avx2, aes, erms, clmul, bmi1, bmi2, adx, sha, fma, vzeroupper, clflush, clflushopt

Memory: 4k page, system-wide physical 16236M (2386M free)
TotalPageFile size 26988M (AvailPageFile size 5291M)
current process WorkingSet (physical memory assigned to process): 2302M, peak: 2328M
current process commit charge ("private bytes"): 2445M, peak: 2469M

vm_info: Java HotSpot(TM) 64-Bit Server VM (18.0.1.1+2-6) for windows-amd64 JRE (18.0.1.1+2-6), built on Apr 25 2022 21:53:15 by "mach5one" with MS VC++ 16.8 / 16.9 (VS2019)

END.
